Removed Pin From Net: NetName=PA5 Pin=R1-1
Removed Pin From Net: NetName=NetLED2_1 Pin=R1-2
Removed Pin From Net: NetName=PA6 Pin=R2-1
Removed Pin From Net: NetName=Net*_2 Pin=R2-2
Removed Pin From Net: NetName=NetLED3_1 Pin=R2-2
Removed Pin From Net: NetName=NetDZ2_2 Pin=R3-1
Removed Pin From Net: NetName=Net*_2 Pin=R3-2
Removed Pin From Net: NetName=NetDZ3_2 Pin=R4-1
Removed Pin From Net: NetName=NetLED1_1 Pin=R4-1
Removed Pin From Net: NetName=12V Pin=R4-2
Removed Pin From Net: NetName=12V Pin=R4-2
Removed Member From Class: ClassName=NCKH_sch Member=R2
Removed Member From Class: ClassName=NCKH_sch Member=R3
Removed Member From Class: ClassName=NCKH_sch Member=R4
Change Component Footprint: Designator=R46 Old Footprint=SM-RES-1206 New Footprint=R1/4W
Added Component: Designator=R46(R1/4W)
Added Component: Designator=R46(R1/4W)
Added Component: Designator=R46(R1/4W)
Added Component: Designator=R46(R1/4W)
Added Component: Designator=R46(R1/4W)
Added Component: Designator=R46(R1/4W)
Added Pin To Net: NetName=12V Pin=R46-1
Added Pin To Net: NetName=12V Pin=R46-1
Added Pin To Net: NetName=Net*_2 Pin=R46-1
Added Pin To Net: NetName=Net*_2 Pin=R46-1
Added Pin To Net: NetName=NetLED2_1 Pin=R46-1
Added Pin To Net: NetName=NetLED3_1 Pin=R46-1
Added Pin To Net: NetName=NetDZ2_2 Pin=R46-2
Added Pin To Net: NetName=NetDZ3_2 Pin=R46-2
Added Pin To Net: NetName=NetLED1_1 Pin=R46-2
Added Pin To Net: NetName=PA5 Pin=R46-2
Added Pin To Net: NetName=PA6 Pin=R46-2
Added Member To Class: ClassName=NCKH_sch Member=Component * JP5
Added Member To Class: ClassName=NCKH_sch Member=Component * Zener
Added Member To Class: ClassName=NCKH_sch Member=Component C19 Cap Pol3
Added Member To Class: ClassName=NCKH_sch Member=Component C19 Cap Pol3
Added Member To Class: ClassName=NCKH_sch Member=Component C19 Cap Pol3
Added Member To Class: ClassName=NCKH_sch Member=Component JP3 Header 2_1
Added Member To Class: ClassName=NCKH_sch Member=Component R46 Res1
Added Member To Class: ClassName=NCKH_sch Member=Component R46 Res1
Added Member To Class: ClassName=NCKH_sch Member=Component R46 Res1
Added Member To Class: ClassName=NCKH_sch Member=Component R46 Res1
Added Member To Class: ClassName=NCKH_sch Member=Component R46 Res1
Added Member To Class: ClassName=NCKH_sch Member=Component R46 Res1
Added Member To Class: ClassName=NCKH_sch Member=Component R46 Res1
Added Member To Class: ClassName=NCKH_sch Member=Component R46 Res1
Added Member To Class: ClassName=NCKH_sch Member=Component R46 Res1
Added Member To Class: ClassName=NCKH_sch Member=Component R46 Res1
