Change Component Designator: OldDesignator=Re10 NewDesignator=Re90
Change Component Designator: OldDesignator=Re10 NewDesignator=Re91
Change Component Designator: OldDesignator=Re10 NewDesignator=Re92
Change Component Designator: OldDesignator=Re10 NewDesignator=Re93
Change Component Designator: OldDesignator=Re10 NewDesignator=Re94
Change Net Name : Old Net Name=NetRe10_1 New Net Name=NetRe92_1
Change Net Name : Old Net Name=NetRe10_2 New Net Name=NetRe94_2
Added Pin To Net: NetName=NetRe90_1 Pin=Re90-1
Added Pin To Net: NetName=NetRe90_1 Pin=U3-1
Added Net: Name=NetRe90_1
Added Pin To Net: NetName=NetRe91_2 Pin=Re91-2
Added Pin To Net: NetName=NetRe91_2 Pin=U3-4
Added Net: Name=NetRe91_2
Added Pin To Net: NetName=NetRe93_1 Pin=Re93-1
Added Pin To Net: NetName=NetRe93_1 Pin=U2-1
Added Net: Name=NetRe93_1
Added Pin To Net: NetName=NetRe94_1 Pin=Re94-1
Added Pin To Net: NetName=NetRe94_1 Pin=T1-1
Added Net: Name=NetRe94_1
Added Member To Class: ClassName=NCKH_sch Member=Component * JP5
Added Member To Class: ClassName=NCKH_sch Member=Component * JP5
Added Member To Class: ClassName=NCKH_sch Member=Component C19 Cap Pol3
Added Member To Class: ClassName=NCKH_sch Member=Component C19 Cap Pol3
Added Member To Class: ClassName=NCKH_sch Member=Component JP3 Header 2_1
Added Member To Class: ClassName=NCKH_sch Member=Component JP4 JP6 PIN
Added Member To Class: ClassName=NCKH_sch Member=Component R1 47k
Added Member To Class: ClassName=NCKH_sch Member=Component R2 47R
Added Member To Class: ClassName=NCKH_sch Member=Component R3 470R
Added Member To Class: ClassName=NCKH_sch Member=Component R4 1k
Added Member To Class: ClassName=NCKH_sch Member=Component R5 1k
Added Member To Class: ClassName=NCKH_sch Member=Component R6 1k
Added Member To Class: ClassName=NCKH_sch Member=Component R6 1k
Added Member To Class: ClassName=NCKH_sch Member=Component R7 1k
Added Member To Class: ClassName=NCKH_sch Member=Component Re90 Res1
Added Member To Class: ClassName=NCKH_sch Member=Component Re91 Res1
Added Member To Class: ClassName=NCKH_sch Member=Component Re92 Res1
Added Member To Class: ClassName=NCKH_sch Member=Component Re93 Res1
Added Member To Class: ClassName=NCKH_sch Member=Component Re94 Res1
