Added Member To Class: ClassName=NCKH_sch Member=Component * Zener
Added Member To Class: ClassName=NCKH_sch Member=Component C19 Cap Pol3
Added Member To Class: ClassName=NCKH_sch Member=Component C19 Cap Pol3
Added Member To Class: ClassName=NCKH_sch Member=Component C19 Cap Pol3
Added Member To Class: ClassName=NCKH_sch Member=Component C? CN-ALU-SMD
Added Member To Class: ClassName=NCKH_sch Member=Component C? CN-ALU-SMD
Added Member To Class: ClassName=NCKH_sch Member=Component C? CN-ALU-SMD
Added Member To Class: ClassName=NCKH_sch Member=Component C? CN-ALU-SMD
Added Member To Class: ClassName=NCKH_sch Member=Component C? CN-ALU-SMD
Added Member To Class: ClassName=NCKH_sch Member=Component JP3 Header 2_1
Added Member To Class: ClassName=NCKH_sch Member=Component R1 47k
Added Member To Class: ClassName=NCKH_sch Member=Component R1 Res1
Added Member To Class: ClassName=NCKH_sch Member=Component R1 47k
Added Member To Class: ClassName=NCKH_sch Member=Component R2 Res1
Added Member To Class: ClassName=NCKH_sch Member=Component R46 Res1
Added Member To Class: ClassName=NCKH_sch Member=Component R46 Res1
Added Member To Class: ClassName=NCKH_sch Member=Component R46 Res1
Added Member To Class: ClassName=NCKH_sch Member=Component R46 Res1
Added Member To Class: ClassName=NCKH_sch Member=Component R? 1k
Added Member To Class: ClassName=NCKH_sch Member=Component R? 1k
Added Member To Class: ClassName=NCKH_sch Member=Component R? 1k
Added Member To Class: ClassName=NCKH_sch Member=Component R? 1k
Added Member To Class: ClassName=NCKH_sch Member=Component R? 1k
Added Member To Class: ClassName=NCKH_sch Member=Component SW? SW
Added Member To Class: ClassName=NCKH_sch Member=Component SW? SW
Added Member To Class: ClassName=NCKH_sch Member=Component SW? SW
Added Member To Class: ClassName=NCKH_sch Member=Component SW? SW
Added Member To Class: ClassName=NCKH_sch Member=Component SW? SW
