Removed Pin From Net: NetName=PB11 Pin=R20-1
Removed Pin From Net: NetName=NetLED2_1 Pin=R20-2
Removed Pin From Net: NetName=PB10 Pin=R21-1
Removed Pin From Net: NetName=NetLED3_1 Pin=R21-2
Removed Pin From Net: NetName=PC13 Pin=R22-2
Removed Pin From Net: NetName=NetQ13_1 Pin=R23-1
Removed Pin From Net: NetName=NetR24_1 Pin=R24-1
Removed Pin From Net: NetName=NetQ13_3 Pin=R24-2
Removed Pin From Net: NetName=PC14 Pin=R26-2
Removed Pin From Net: NetName=3V3 Pin=R46-1
Removed Pin From Net: NetName=PB6 Pin=R46-2
Removed Pin From Net: NetName=3V3 Pin=R47-1
Removed Pin From Net: NetName=PB7 Pin=R47-2
Removed Pin From Net: NetName=3V3 Pin=R48-1
Removed Pin From Net: NetName=PB8 Pin=R48-2
Removed Pin From Net: NetName=3V3 Pin=R49-1
Removed Pin From Net: NetName=PB9 Pin=R49-2
Removed Pin From Net: NetName=3V3 Pin=R50-1
Removed Pin From Net: NetName=PB10 Pin=R50-2
Removed Pin From Net: NetName=3V3 Pin=R51-1
Removed Pin From Net: NetName=PB11 Pin=R51-2
Removed Member From Class: ClassName=NCKH_sch Member=R20
Removed Member From Class: ClassName=NCKH_sch Member=R21
Removed Member From Class: ClassName=NCKH_sch Member=R22
Removed Member From Class: ClassName=NCKH_sch Member=R23
Removed Member From Class: ClassName=NCKH_sch Member=R24
Removed Member From Class: ClassName=NCKH_sch Member=R25
Removed Member From Class: ClassName=NCKH_sch Member=R26
Removed Member From Class: ClassName=NCKH_sch Member=R46
Removed Member From Class: ClassName=NCKH_sch Member=R47
Removed Member From Class: ClassName=NCKH_sch Member=R48
Removed Member From Class: ClassName=NCKH_sch Member=R49
Removed Member From Class: ClassName=NCKH_sch Member=R50
Removed Member From Class: ClassName=NCKH_sch Member=R51
Added Component: Designator=R12(SM-RES-1206)
Added Component: Designator=R12(SM-RES-1206)
Added Component: Designator=R12(SM-RES-1206)
Added Component: Designator=R12(SM-RES-1206)
Added Component: Designator=R12(SM-RES-1206)
Added Component: Designator=R12(SM-RES-1206)
Added Component: Designator=R12(SM-RES-1206)
Added Component: Designator=R12(SM-RES-1206)
Added Component: Designator=R12(SM-RES-1206)
Added Component: Designator=R12(SM-RES-1206)
Added Component: Designator=R12(SM-RES-1206)
Added Component: Designator=R12(SM-RES-1206)
Added Component: Designator=R12(SM-RES-1206)
Added Pin To Net: NetName=3V3 Pin=R12-1
Added Pin To Net: NetName=3V3 Pin=R12-1
Added Pin To Net: NetName=3V3 Pin=R12-1
Added Pin To Net: NetName=3V3 Pin=R12-1
Added Pin To Net: NetName=3V3 Pin=R12-1
Added Pin To Net: NetName=3V3 Pin=R12-1
Added Pin To Net: NetName=NetLED2_1 Pin=R12-1
Added Pin To Net: NetName=NetLED3_1 Pin=R12-1
Added Pin To Net: NetName=NetQ13_1 Pin=R12-1
Added Pin To Net: NetName=NetR24_1 Pin=R12-1
Added Pin To Net: NetName=NetQ13_3 Pin=R12-2
Added Pin To Net: NetName=PB6 Pin=R12-2
Added Pin To Net: NetName=PB7 Pin=R12-2
Added Pin To Net: NetName=PB8 Pin=R12-2
Added Pin To Net: NetName=PB9 Pin=R12-2
Added Pin To Net: NetName=PB10 Pin=R12-2
Added Pin To Net: NetName=PB10 Pin=R12-2
Added Pin To Net: NetName=PB11 Pin=R12-2
Added Pin To Net: NetName=PB11 Pin=R12-2
Added Pin To Net: NetName=PC13 Pin=R12-2
Added Pin To Net: NetName=PC14 Pin=R12-2
Change Net Name : Old Net Name=NetR24_1 New Net Name=NetR12_1
Added Pin To Net: NetName=NetR12_2 Pin=R12-2
Added Pin To Net: NetName=NetR12_2 Pin=U2-3
Added Net: Name=NetR12_2
Added Member To Class: ClassName=NCKH_sch Member=Component * JP5
Added Member To Class: ClassName=NCKH_sch Member=Component * JP5
Added Member To Class: ClassName=NCKH_sch Member=Component C19 Cap Pol3
Added Member To Class: ClassName=NCKH_sch Member=Component C19 Cap Pol3
Added Member To Class: ClassName=NCKH_sch Member=Component JP3 Header 2_1
Added Member To Class: ClassName=NCKH_sch Member=Component JP4 JP6 PIN
Added Member To Class: ClassName=NCKH_sch Member=Component R12 1k
Added Member To Class: ClassName=NCKH_sch Member=Component R12 1k
Added Member To Class: ClassName=NCKH_sch Member=Component R12 1k
Added Member To Class: ClassName=NCKH_sch Member=Component R12 1k
Added Member To Class: ClassName=NCKH_sch Member=Component R12 1k
Added Member To Class: ClassName=NCKH_sch Member=Component R12 1k
Added Member To Class: ClassName=NCKH_sch Member=Component R12 1k
Added Member To Class: ClassName=NCKH_sch Member=Component R12 1k
Added Member To Class: ClassName=NCKH_sch Member=Component R12 1k
Added Member To Class: ClassName=NCKH_sch Member=Component R12 1k
Added Member To Class: ClassName=NCKH_sch Member=Component R12 1k
Added Member To Class: ClassName=NCKH_sch Member=Component R12 1k
Added Member To Class: ClassName=NCKH_sch Member=Component R12 1k
