Removed Pin From Net: NetName=3V3 Pin=R1-1
Removed Pin From Net: NetName=PB7 Pin=R1-2
Removed Pin From Net: NetName=3V3 Pin=R2-1
Removed Pin From Net: NetName=PB8 Pin=R2-2
Removed Pin From Net: NetName=PB6 Pin=R3-2
Removed Pin From Net: NetName=PB9 Pin=R4-2
Removed Pin From Net: NetName=PB0 Pin=R5-2
Removed Pin From Net: NetName=PA7 Pin=R6-2
Removed Pin From Net: NetName=NetLED2_1 Pin=R7-1
Removed Pin From Net: NetName=PB11 Pin=R7-2
Removed Pin From Net: NetName=NetLED3_1 Pin=R8-1
Removed Pin From Net: NetName=PB10 Pin=R8-2
Change Component DesignItemId : Designator=R1 Old DesignItemId=R New DesignItemId=Res1_1
Change Component DesignItemId : Designator=R2 Old DesignItemId=R New DesignItemId=Res1_1
Change Component DesignItemId : Designator=R3 Old DesignItemId=R New DesignItemId=Res1_1
Change Component DesignItemId : Designator=R4 Old DesignItemId=R New DesignItemId=Res1_1
Change Component DesignItemId : Designator=R5 Old DesignItemId=R New DesignItemId=Res1_1
Change Component DesignItemId : Designator=R6 Old DesignItemId=R New DesignItemId=Res1_1
Change Component DesignItemId : Designator=R8 Old DesignItemId=R New DesignItemId=Res1_1
Change Component Footprint: Designator=R1 Old Footprint=SM-RES-1206 New Footprint=R1/4W
Change Component Footprint: Designator=R2 Old Footprint=SM-RES-1206 New Footprint=R1/4W
Change Component Footprint: Designator=R3 Old Footprint=SM-RES-1206 New Footprint=R1/4W
Change Component Footprint: Designator=R4 Old Footprint=SM-RES-1206 New Footprint=R1/4W
Change Component Footprint: Designator=R5 Old Footprint=SM-RES-1206 New Footprint=R1/4W
Change Component Footprint: Designator=R6 Old Footprint=SM-RES-1206 New Footprint=R1/4W
Change Component Footprint: Designator=R8 Old Footprint=SM-RES-1206 New Footprint=R1/4W
Change Component Comment : Designator=R1 Old Comment=1k New Comment=Res1
Change Component Comment : Designator=R2 Old Comment=1k New Comment=Res1
Change Component Comment : Designator=R3 Old Comment=1k New Comment=Res1
Change Component Comment : Designator=R4 Old Comment=1k New Comment=Res1
Change Component Comment : Designator=R5 Old Comment=1k New Comment=Res1
Change Component Comment : Designator=R6 Old Comment=1k New Comment=Res1
Change Component Comment : Designator=R8 Old Comment=1k New Comment=Res1
Added Component: Designator=R7(R1/4W)
Added Pin To Net: NetName=PB11 Pin=R1-1
Added Pin To Net: NetName=NetLED2_1 Pin=R1-2
Added Pin To Net: NetName=PB10 Pin=R2-1
Added Pin To Net: NetName=NetLED3_1 Pin=R2-2
Added Pin To Net: NetName=PA7 Pin=R3-2
Added Pin To Net: NetName=PB0 Pin=R4-2
Added Pin To Net: NetName=PB9 Pin=R5-2
Added Pin To Net: NetName=PB6 Pin=R6-2
Added Pin To Net: NetName=3V3 Pin=R7-1
Added Pin To Net: NetName=PB7 Pin=R7-2
Added Pin To Net: NetName=3V3 Pin=R8-1
Added Pin To Net: NetName=PB8 Pin=R8-2
Added Member To Class: ClassName=NCKH_sch Member=Component * JP5
Added Member To Class: ClassName=NCKH_sch Member=Component * JP5
Added Member To Class: ClassName=NCKH_sch Member=Component C19 Cap Pol3
Added Member To Class: ClassName=NCKH_sch Member=Component C19 Cap Pol3
Added Member To Class: ClassName=NCKH_sch Member=Component JP3 Header 2_1
Added Member To Class: ClassName=NCKH_sch Member=Component JP4 JP6 PIN
Added Member To Class: ClassName=NCKH_sch Member=Component R1 47k
Added Member To Class: ClassName=NCKH_sch Member=Component R2 Res1
Added Member To Class: ClassName=NCKH_sch Member=Component R3 470R
Added Member To Class: ClassName=NCKH_sch Member=Component R4 Res1
Added Member To Class: ClassName=NCKH_sch Member=Component R5 Res1
Added Member To Class: ClassName=NCKH_sch Member=Component R6 1k
Added Member To Class: ClassName=NCKH_sch Member=Component R7 Res1
Added Member To Class: ClassName=NCKH_sch Member=Component R7 1k
Added Member To Class: ClassName=NCKH_sch Member=Component R46 Res1
Added Member To Class: ClassName=NCKH_sch Member=Component R46 Res1
Added Member To Class: ClassName=NCKH_sch Member=Component R46 Res1
Added Member To Class: ClassName=NCKH_sch Member=Component R46 Res1
Added Member To Class: ClassName=NCKH_sch Member=Component R46 Res1
Added Member To Class: ClassName=NCKH_sch Member=Component R46 Res1
Added Member To Class: ClassName=NCKH_sch Member=Component R46 Res1
Added Member To Class: ClassName=NCKH_sch Member=Component R46 Res1
Added Member To Class: ClassName=NCKH_sch Member=Component R46 Res1
