Removed Pin From Net: NetName=PB11 Pin=R1-1
Removed Pin From Net: NetName=NetLED2_1 Pin=R1-2
Removed Pin From Net: NetName=PB10 Pin=R2-1
Removed Pin From Net: NetName=NetLED3_1 Pin=R2-2
Removed Pin From Net: NetName=3V3 Pin=R3-1
Removed Pin From Net: NetName=PA7 Pin=R3-2
Removed Pin From Net: NetName=3V3 Pin=R4-1
Removed Pin From Net: NetName=PB0 Pin=R4-2
Removed Pin From Net: NetName=3V3 Pin=R5-1
Removed Pin From Net: NetName=PB9 Pin=R5-2
Removed Pin From Net: NetName=3V3 Pin=R6-1
Removed Pin From Net: NetName=PB6 Pin=R6-2
Added Component: Designator=R1(R1/4W)
Added Component: Designator=R2(R1/4W)
Added Component: Designator=R3(R1/4W)
Added Component: Designator=R4(R1/4W)
Added Component: Designator=R5(R1/4W)
Added Component: Designator=R6(R1/4W)
Added Pin To Net: NetName=GND_198V Pin=JP4-1
Added Pin To Net: NetName=PB11 Pin=R1-1
Added Pin To Net: NetName=NetLED2_1 Pin=R1-2
Added Pin To Net: NetName=PB10 Pin=R2-1
Added Pin To Net: NetName=NetLED3_1 Pin=R2-2
Added Pin To Net: NetName=3V3 Pin=R3-1
Added Pin To Net: NetName=PA7 Pin=R3-2
Added Pin To Net: NetName=3V3 Pin=R4-1
Added Pin To Net: NetName=PB0 Pin=R4-2
Added Pin To Net: NetName=3V3 Pin=R5-1
Added Pin To Net: NetName=PB9 Pin=R5-2
Added Pin To Net: NetName=3V3 Pin=R6-1
Added Pin To Net: NetName=PB6 Pin=R6-2
Added Member To Class: ClassName=NCKH_sch Member=Component * JP5
Added Member To Class: ClassName=NCKH_sch Member=Component * JP5
Added Member To Class: ClassName=NCKH_sch Member=Component C19 Cap Pol3
Added Member To Class: ClassName=NCKH_sch Member=Component C19 Cap Pol3
Added Member To Class: ClassName=NCKH_sch Member=Component C19 Cap Pol3
Added Member To Class: ClassName=NCKH_sch Member=Component JP3 Header 2_1
Added Member To Class: ClassName=NCKH_sch Member=Component JP4 JP6 PIN
Added Member To Class: ClassName=NCKH_sch Member=Component R1 47k
Added Member To Class: ClassName=NCKH_sch Member=Component R2 Res1
Added Member To Class: ClassName=NCKH_sch Member=Component R3 470R
Added Member To Class: ClassName=NCKH_sch Member=Component R4 Res1
Added Member To Class: ClassName=NCKH_sch Member=Component R5 Res1
Added Member To Class: ClassName=NCKH_sch Member=Component R6 1k
Added Member To Class: ClassName=NCKH_sch Member=Component R7 Res1
Added Member To Class: ClassName=NCKH_sch Member=Component R7 1k
Added Member To Class: ClassName=NCKH_sch Member=Component R46 Res1
Added Member To Class: ClassName=NCKH_sch Member=Component R46 Res1
Added Member To Class: ClassName=NCKH_sch Member=Component R46 Res1
Added Member To Class: ClassName=NCKH_sch Member=Component R46 Res1
Added Member To Class: ClassName=NCKH_sch Member=Component R46 Res1
Added Member To Class: ClassName=NCKH_sch Member=Component R46 Res1
Added Member To Class: ClassName=NCKH_sch Member=Component R46 Res1
Added Member To Class: ClassName=NCKH_sch Member=Component R46 Res1
Added Member To Class: ClassName=NCKH_sch Member=Component R46 Res1
Added Member To Class: ClassName=NCKH_sch Member=Component R46 Res1
