Added Component: Designator=D?(D1A)
Added Pin To Net: NetName=12V Pin=D?-2
Added Pin To Net: NetName=NetD?_1 Pin=D?-1
Added Pin To Net: NetName=NetD?_1 Pin=JP3-1
Added Pin To Net: NetName=NetD?_1 Pin=T1-3
Added Net: Name=NetD?_1
Added Member To Class: ClassName=NCKH_sch Member=Component * Zener
Added Member To Class: ClassName=NCKH_sch Member=Component C19 Cap Pol3
Added Member To Class: ClassName=NCKH_sch Member=Component C19 Cap Pol3
Added Member To Class: ClassName=NCKH_sch Member=Component C19 Cap Pol3
Added Member To Class: ClassName=NCKH_sch Member=Component D? 1N4007
Added Member To Class: ClassName=NCKH_sch Member=Component JP3 Header 2_1
Added Member To Class: ClassName=NCKH_sch Member=Component R1 47k
Added Member To Class: ClassName=NCKH_sch Member=Component R2 Res1
Added Member To Class: ClassName=NCKH_sch Member=Component R3 470R
Added Member To Class: ClassName=NCKH_sch Member=Component R4 Res1
Added Member To Class: ClassName=NCKH_sch Member=Component R5 Res1
Added Member To Class: ClassName=NCKH_sch Member=Component R6 1k
Added Member To Class: ClassName=NCKH_sch Member=Component R7 Res1
Added Member To Class: ClassName=NCKH_sch Member=Component R7 1k
Added Member To Class: ClassName=NCKH_sch Member=Component R46 Res1
Added Member To Class: ClassName=NCKH_sch Member=Component R46 Res1
Added Member To Class: ClassName=NCKH_sch Member=Component R46 Res1
Added Member To Class: ClassName=NCKH_sch Member=Component R46 Res1
Added Member To Class: ClassName=NCKH_sch Member=Component R46 Res1
