Removed Pin From Net: NetName=GND_198V Pin=D2-1
Removed Pin From Net: NetName=198V Pin=F?-1
Removed Pin From Net: NetName=GND_198V Pin=TF1-9
Removed Pin From Net: NetName=GND_198V Pin=TNY265-5
Removed Pin From Net: NetName=GND_198V Pin=U1-4
Added Component: Designator=R1(R1/4W)
Added Component: Designator=R1(R1/4W)
Added Pin To Net: NetName=198V Pin=R1-2
Added Pin To Net: NetName=GND_198V Pin=R1-2
Added Pin To Net: NetName=NetD2_1 Pin=D2-1
Added Pin To Net: NetName=NetD2_1 Pin=R1-1
Added Pin To Net: NetName=NetD2_1 Pin=TF1-9
Added Pin To Net: NetName=NetD2_1 Pin=TNY265-5
Added Pin To Net: NetName=NetD2_1 Pin=U1-4
Added Net: Name=NetD2_1
Added Member To Class: ClassName=NCKH_sch Member=Component * Zener
Added Member To Class: ClassName=NCKH_sch Member=Component C19 Cap Pol3
Added Member To Class: ClassName=NCKH_sch Member=Component C19 Cap Pol3
Added Member To Class: ClassName=NCKH_sch Member=Component C19 Cap Pol3
Added Member To Class: ClassName=NCKH_sch Member=Component F? F1A
Added Member To Class: ClassName=NCKH_sch Member=Component JP3 Header 2_1
Added Member To Class: ClassName=NCKH_sch Member=Component R1 47k
Added Member To Class: ClassName=NCKH_sch Member=Component R1 Res1
Added Member To Class: ClassName=NCKH_sch Member=Component R1 47k
Added Member To Class: ClassName=NCKH_sch Member=Component R2 Res1
Added Member To Class: ClassName=NCKH_sch Member=Component R3 470R
Added Member To Class: ClassName=NCKH_sch Member=Component R4 Res1
Added Member To Class: ClassName=NCKH_sch Member=Component R5 Res1
Added Member To Class: ClassName=NCKH_sch Member=Component R7 Res1
Added Member To Class: ClassName=NCKH_sch Member=Component R46 Res1
Added Member To Class: ClassName=NCKH_sch Member=Component R46 Res1
Added Member To Class: ClassName=NCKH_sch Member=Component R46 Res1
Added Member To Class: ClassName=NCKH_sch Member=Component R46 Res1
