Removed Pin From Net: NetName=PA8 Pin=C?-1
Removed Pin From Net: NetName=PA11 Pin=C?-1
Removed Pin From Net: NetName=PB12 Pin=C?-1
Removed Pin From Net: NetName=PB13 Pin=C?-1
Removed Pin From Net: NetName=PB15 Pin=C?-1
Removed Pin From Net: NetName=3V3 Pin=C?-2
Removed Pin From Net: NetName=3V3 Pin=C?-2
Removed Pin From Net: NetName=3V3 Pin=C?-2
Removed Pin From Net: NetName=3V3 Pin=C?-2
Removed Pin From Net: NetName=3V3 Pin=C?-2
Removed Pin From Net: NetName=NetD?_1 Pin=JP3-1
Removed Pin From Net: NetName=GND_3V3 Pin=JP3-2
Removed Pin From Net: NetName=D_1 Pin=Q3-1
Removed Pin From Net: NetName=3V3 Pin=Q3-2
Removed Pin From Net: NetName=D_2 Pin=Q4-1
Removed Pin From Net: NetName=3V3 Pin=Q4-2
Removed Pin From Net: NetName=D_3 Pin=Q5-1
Removed Pin From Net: NetName=3V3 Pin=Q5-2
Removed Pin From Net: NetName=3V3 Pin=Q13-2
Removed Pin From Net: NetName=198V Pin=R1-2
Removed Pin From Net: NetName=NetC2_1 Pin=R1-2
Removed Pin From Net: NetName=PA8 Pin=R?-1
Removed Pin From Net: NetName=PA11 Pin=R?-1
Removed Pin From Net: NetName=PB12 Pin=R?-1
Removed Pin From Net: NetName=PB13 Pin=R?-1
Removed Pin From Net: NetName=PB14 Pin=R?-1
Removed Pin From Net: NetName=PB15 Pin=R?-1
Removed Pin From Net: NetName=3V3 Pin=R?-2
Removed Pin From Net: NetName=3V3 Pin=R?-2
Removed Pin From Net: NetName=3V3 Pin=R?-2
Removed Pin From Net: NetName=3V3 Pin=R?-2
Removed Pin From Net: NetName=3V3 Pin=R?-2
Removed Pin From Net: NetName=3V3 Pin=R?-2
Removed Pin From Net: NetName=3V3 Pin=SW?-2
Removed Pin From Net: NetName=3V3 Pin=SW?-2
Removed Pin From Net: NetName=3V3 Pin=SW?-2
Removed Pin From Net: NetName=3V3 Pin=SW?-2
Removed Pin From Net: NetName=3V3 Pin=SW?-2
Removed Pin From Net: NetName=3V3 Pin=SW?-2
Removed Pin From Net: NetName=PA8 Pin=SW?-3
Removed Pin From Net: NetName=PA11 Pin=SW?-3
Removed Pin From Net: NetName=PB12 Pin=SW?-3
Removed Pin From Net: NetName=PB13 Pin=SW?-3
Removed Pin From Net: NetName=PB14 Pin=SW?-3
Removed Pin From Net: NetName=PB15 Pin=SW?-3
Removed Pin From Net: NetName=GND_3V3 Pin=SW?-4
Removed Pin From Net: NetName=GND_3V3 Pin=SW?-4
Removed Pin From Net: NetName=GND_3V3 Pin=SW?-4
Removed Pin From Net: NetName=GND_3V3 Pin=SW?-4
Removed Pin From Net: NetName=GND_3V3 Pin=SW?-4
Removed Pin From Net: NetName=GND_3V3 Pin=SW?-4
Removed Pin From Net: NetName=NetR46_1 Pin=T1-1
Removed Pin From Net: NetName=12V Pin=T1-2
Removed Pin From Net: NetName=NetD?_1 Pin=T1-3
Removed Pin From Net: NetName=NetR4x1_1 Pin=T2-1
Removed Pin From Net: NetName=198V Pin=T2-2
Removed Pin From Net: NetName=NetJP4_2 Pin=T2-3
Removed Pin From Net: NetName=NetR4x1_1 Pin=T3-1
Removed Pin From Net: NetName=198V Pin=T3-2
Removed Pin From Net: NetName=NetJP4_2 Pin=T3-3
Removed Pin From Net: NetName=NetR4x1_1 Pin=T4-1
Removed Pin From Net: NetName=198V Pin=T4-2
Removed Pin From Net: NetName=NetJP4_2 Pin=T4-3
Removed Pin From Net: NetName=3V3 Pin=U3-6
Removed Member From Class: ClassName=NCKH_sch Member=C?
Removed Member From Class: ClassName=NCKH_sch Member=R?
Removed Member From Class: ClassName=NCKH_sch Member=SW?
Removed Member From Class: ClassName=NCKH_sch Member=T1
Removed Member From Class: ClassName=NCKH_sch Member=T2
Removed Member From Class: ClassName=NCKH_sch Member=T3
Removed Member From Class: ClassName=NCKH_sch Member=T4
Added Component: Designator=*(JP5)
Added Component: Designator=T?(TO220H1)
Added Component: Designator=T?(TO220H1)
Added Component: Designator=T?(TO220H1)
Added Component: Designator=T?(TO220H1)
Added Pin To Net: NetName=3V3 Pin=*-1
Added Pin To Net: NetName=GND_3V3 Pin=*-2
Added Pin To Net: NetName=PA1 Pin=*-3
Added Pin To Net: NetName=PA2 Pin=*-4
Added Pin To Net: NetName=PA3 Pin=*-5
Added Pin To Net: NetName=NetC2_1 Pin=D1-4
Added Pin To Net: NetName=198V Pin=F3-1
Added Pin To Net: NetName=12V Pin=JP3-1
Added Pin To Net: NetName=NetD?_1 Pin=JP3-2
Added Pin To Net: NetName=198V Pin=JP4-1
Added Pin To Net: NetName=GND_3V3 Pin=Q3-1
Added Pin To Net: NetName=D_1 Pin=Q3-2
Added Pin To Net: NetName=GND_3V3 Pin=Q4-1
Added Pin To Net: NetName=D_2 Pin=Q4-2
Added Pin To Net: NetName=GND_3V3 Pin=Q5-1
Added Pin To Net: NetName=D_3 Pin=Q5-2
Added Pin To Net: NetName=12V Pin=Q13-2
Added Pin To Net: NetName=NetR4x1_1 Pin=T?-1
Added Pin To Net: NetName=NetR4x1_1 Pin=T?-1
Added Pin To Net: NetName=NetR4x1_1 Pin=T?-1
Added Pin To Net: NetName=NetR46_1 Pin=T?-1
Added Pin To Net: NetName=NetD?_1 Pin=T?-2
Added Pin To Net: NetName=NetD?_1 Pin=T?-2
Added Pin To Net: NetName=NetJP4_2 Pin=T?-2
Added Pin To Net: NetName=NetJP4_2 Pin=T?-2
Added Pin To Net: NetName=NetJP4_2 Pin=T?-2
Added Pin To Net: NetName=NetJP4_2 Pin=T?-2
Added Pin To Net: NetName=NetJP4_2 Pin=T?-2
Added Pin To Net: NetName=NetJP4_2 Pin=T?-2
Added Pin To Net: NetName=GND_3V3 Pin=T?-3
Added Pin To Net: NetName=NetC2_1 Pin=T?-3
Added Pin To Net: NetName=NetC2_1 Pin=T?-3
Added Pin To Net: NetName=NetC2_1 Pin=T?-3
Added Pin To Net: NetName=12V Pin=U3-6
Change Net Name : Old Net Name=NetC2_1 New Net Name=GND_198V
Added Member To Class: ClassName=NCKH_sch Member=Component * JP5
Added Member To Class: ClassName=NCKH_sch Member=Component * Zener
Added Member To Class: ClassName=NCKH_sch Member=Component C19 Cap Pol3
Added Member To Class: ClassName=NCKH_sch Member=Component C19 Cap Pol3
Added Member To Class: ClassName=NCKH_sch Member=Component C19 Cap Pol3
Added Member To Class: ClassName=NCKH_sch Member=Component JP3 Header 2_1
Added Member To Class: ClassName=NCKH_sch Member=Component R1 47k
Added Member To Class: ClassName=NCKH_sch Member=Component R2 Res1
Added Member To Class: ClassName=NCKH_sch Member=Component R46 Res1
Added Member To Class: ClassName=NCKH_sch Member=Component R46 Res1
Added Member To Class: ClassName=NCKH_sch Member=Component R46 Res1
Added Member To Class: ClassName=NCKH_sch Member=Component R46 Res1
Added Member To Class: ClassName=NCKH_sch Member=Component T? IRF840
Added Member To Class: ClassName=NCKH_sch Member=Component T? IRF840
Added Member To Class: ClassName=NCKH_sch Member=Component T? IRF840
Added Member To Class: ClassName=NCKH_sch Member=Component T? IRF840
