Removed Pin From Net: NetName=GND_3V3 Pin=DZ1-1
Removed Pin From Net: NetName=12V Pin=Q1-2
Removed Pin From Net: NetName=12V Pin=R6-2
Removed Member From Class: ClassName=NCKH_sch Member=DZ1
Removed Member From Class: ClassName=NCKH_sch Member=Q1
Added Pin To Net: NetName=12V Pin=Q2-2
Added Pin To Net: NetName=3V3 Pin=Q13-2
Added Pin To Net: NetName=12V Pin=R7-2
Added Pin To Net: NetName=3V3 Pin=U3-6
Added Member To Class: ClassName=NCKH_sch Member=Component * Zener
Added Member To Class: ClassName=NCKH_sch Member=Component C19 Cap Pol3
Added Member To Class: ClassName=NCKH_sch Member=Component C19 Cap Pol3
Added Member To Class: ClassName=NCKH_sch Member=Component C19 Cap Pol3
Added Member To Class: ClassName=NCKH_sch Member=Component F? F1A
Added Member To Class: ClassName=NCKH_sch Member=Component JP3 Header 2_1
Added Member To Class: ClassName=NCKH_sch Member=Component R1 47k
Added Member To Class: ClassName=NCKH_sch Member=Component R2 Res1
Added Member To Class: ClassName=NCKH_sch Member=Component R3 470R
Added Member To Class: ClassName=NCKH_sch Member=Component R4 Res1
Added Member To Class: ClassName=NCKH_sch Member=Component R5 Res1
Added Member To Class: ClassName=NCKH_sch Member=Component R7 Res1
Added Member To Class: ClassName=NCKH_sch Member=Component R46 Res1
Added Member To Class: ClassName=NCKH_sch Member=Component R46 Res1
Added Member To Class: ClassName=NCKH_sch Member=Component R46 Res1
Added Member To Class: ClassName=NCKH_sch Member=Component R46 Res1
Added Member To Class: ClassName=NCKH_sch Member=Component R46 Res1
