Added Pin To Net: NetName=D2 Pin=*-1
Added Pin To Net: NetName=G2 Pin=*-1
Added Pin To Net: NetName=DE2 Pin=*-2
Added Pin To Net: NetName=E2 Pin=*-2
Added Pin To Net: NetName=A2 Pin=*-3
Added Pin To Net: NetName=C2 Pin=*-3
Added Pin To Net: NetName=B2 Pin=*-4
Added Pin To Net: NetName=F2 Pin=*-4
Added Pin To Net: NetName=G2 Pin=DS1-1
Added Pin To Net: NetName=DE2 Pin=DS1-2
Added Pin To Net: NetName=A2 Pin=DS1-3
Added Pin To Net: NetName=F2 Pin=DS1-4
Added Pin To Net: NetName=D2 Pin=DS1-6
Added Pin To Net: NetName=E2 Pin=DS1-7
Added Pin To Net: NetName=C2 Pin=DS1-8
Added Pin To Net: NetName=B2 Pin=DS1-9
Added Member To Class: ClassName=NCKH_sch Member=Component * JP5
Added Member To Class: ClassName=NCKH_sch Member=Component * JP5
Added Member To Class: ClassName=NCKH_sch Member=Component C19 Cap Pol3
Added Member To Class: ClassName=NCKH_sch Member=Component C19 Cap Pol3
Added Member To Class: ClassName=NCKH_sch Member=Component JP3 Header 2_1
Added Member To Class: ClassName=NCKH_sch Member=Component JP4 JP6 PIN
Added Member To Class: ClassName=NCKH_sch Member=Component R1 47k
Added Member To Class: ClassName=NCKH_sch Member=Component R2 47R
Added Member To Class: ClassName=NCKH_sch Member=Component R3 470R
Added Member To Class: ClassName=NCKH_sch Member=Component R4 1k
Added Member To Class: ClassName=NCKH_sch Member=Component R5 1k
Added Member To Class: ClassName=NCKH_sch Member=Component R6 1k
Added Member To Class: ClassName=NCKH_sch Member=Component R7 1k
Added Member To Class: ClassName=NCKH_sch Member=Component R8 1k
Added Member To Class: ClassName=NCKH_sch Member=Component R9 1k
Added Member To Class: ClassName=NCKH_sch Member=Component R10 1k
Added Member To Class: ClassName=NCKH_sch Member=Component R11 1k
