Removed Pin From Net: NetName=GND_198V Pin=C2-1
Removed Pin From Net: NetName=GND_198V Pin=C19-2
Removed Pin From Net: NetName=NetD2_1 Pin=R1-1
Removed Pin From Net: NetName=GND_198V Pin=R1-2
Added Pin To Net: NetName=NetD2_1 Pin=C2-1
Added Pin To Net: NetName=NetD2_1 Pin=C19-2
Added Pin To Net: NetName=GND_198V Pin=R1-1
Added Pin To Net: NetName=NetD2_1 Pin=R1-2
Change Net Name : Old Net Name=NetD2_1 New Net Name=NetC2_1
Added Member To Class: ClassName=NCKH_sch Member=Component * Zener
Added Member To Class: ClassName=NCKH_sch Member=Component C19 Cap Pol3
Added Member To Class: ClassName=NCKH_sch Member=Component C19 Cap Pol3
Added Member To Class: ClassName=NCKH_sch Member=Component C19 Cap Pol3
Added Member To Class: ClassName=NCKH_sch Member=Component JP3 Header 2_1
Added Member To Class: ClassName=NCKH_sch Member=Component R1 47k
Added Member To Class: ClassName=NCKH_sch Member=Component R1 Res1
Added Member To Class: ClassName=NCKH_sch Member=Component R1 47k
Added Member To Class: ClassName=NCKH_sch Member=Component R2 Res1
Added Member To Class: ClassName=NCKH_sch Member=Component R3 470R
Added Member To Class: ClassName=NCKH_sch Member=Component R4 Res1
Added Member To Class: ClassName=NCKH_sch Member=Component R5 Res1
Added Member To Class: ClassName=NCKH_sch Member=Component R7 Res1
Added Member To Class: ClassName=NCKH_sch Member=Component R46 Res1
Added Member To Class: ClassName=NCKH_sch Member=Component R46 Res1
Added Member To Class: ClassName=NCKH_sch Member=Component R46 Res1
Added Member To Class: ClassName=NCKH_sch Member=Component R46 Res1
Added Member To Class: ClassName=NCKH_sch Member=Component SW? SW
Added Member To Class: ClassName=NCKH_sch Member=Component SW? SW
Added Member To Class: ClassName=NCKH_sch Member=Component SW? SW
Added Member To Class: ClassName=NCKH_sch Member=Component SW? SW
Added Member To Class: ClassName=NCKH_sch Member=Component SW? SW
