Change Component Designator: OldDesignator=JP1 NewDesignator=JP7
Change Net Name : Old Net Name=NetJP1_2 New Net Name=NetJP7_2
Added Pin To Net: NetName=NetJP7_1 Pin=JP7-1
Added Pin To Net: NetName=NetJP7_1 Pin=ZD?-1
Added Net: Name=NetJP7_1
Added Member To Class: ClassName=NCKH_sch Member=Component * JP5
Added Member To Class: ClassName=NCKH_sch Member=Component * JP5
Added Member To Class: ClassName=NCKH_sch Member=Component C19 Cap Pol3
Added Member To Class: ClassName=NCKH_sch Member=Component C19 Cap Pol3
Added Member To Class: ClassName=NCKH_sch Member=Component C19 Cap Pol3
Added Member To Class: ClassName=NCKH_sch Member=Component JP3 Header 2_1
Added Member To Class: ClassName=NCKH_sch Member=Component JP4 JP6 PIN
Added Member To Class: ClassName=NCKH_sch Member=Component JP7 Header 2_1
Added Member To Class: ClassName=NCKH_sch Member=Component R1 47k
Added Member To Class: ClassName=NCKH_sch Member=Component R2 Res1
Added Member To Class: ClassName=NCKH_sch Member=Component R3 470R
Added Member To Class: ClassName=NCKH_sch Member=Component R4 Res1
Added Member To Class: ClassName=NCKH_sch Member=Component R5 Res1
Added Member To Class: ClassName=NCKH_sch Member=Component R6 1k
Added Member To Class: ClassName=NCKH_sch Member=Component R7 Res1
Added Member To Class: ClassName=NCKH_sch Member=Component R7 1k
Added Member To Class: ClassName=NCKH_sch Member=Component R46 Res1
Added Member To Class: ClassName=NCKH_sch Member=Component R46 Res1
Added Member To Class: ClassName=NCKH_sch Member=Component R46 Res1
Added Member To Class: ClassName=NCKH_sch Member=Component R46 Res1
Added Member To Class: ClassName=NCKH_sch Member=Component R46 Res1
Added Member To Class: ClassName=NCKH_sch Member=Component R46 Res1
Added Member To Class: ClassName=NCKH_sch Member=Component R46 Res1
Added Member To Class: ClassName=NCKH_sch Member=Component R46 Res1
Added Member To Class: ClassName=NCKH_sch Member=Component R46 Res1
Added Member To Class: ClassName=NCKH_sch Member=Component R46 Res1
