Removed Pin From Net: NetName=D_1 Pin=JP2-1
Removed Pin From Net: NetName=A Pin=JP2-2
Removed Pin From Net: NetName=F Pin=JP2-3
Removed Pin From Net: NetName=D_2 Pin=JP2-4
Removed Pin From Net: NetName=D_3 Pin=JP2-5
Removed Pin From Net: NetName=B Pin=JP2-6
Removed Pin From Net: NetName=G Pin=JP3-2
Removed Pin From Net: NetName=C Pin=JP3-3
Removed Pin From Net: NetName=D Pin=JP3-5
Removed Pin From Net: NetName=E Pin=JP3-6
Added Pin To Net: NetName=A Pin=JP2-1
Added Pin To Net: NetName=B Pin=JP2-2
Added Pin To Net: NetName=C Pin=JP2-3
Added Pin To Net: NetName=D Pin=JP2-4
Added Pin To Net: NetName=E Pin=JP2-5
Added Pin To Net: NetName=F Pin=JP2-6
Added Pin To Net: NetName=G Pin=JP3-3
Added Pin To Net: NetName=D_3 Pin=JP3-4
Added Pin To Net: NetName=D_2 Pin=JP3-5
Added Pin To Net: NetName=D_1 Pin=JP3-6
Added Member To Class: ClassName=NCKH_sch Member=Component * JP5
Added Member To Class: ClassName=NCKH_sch Member=Component J1 JP1
Added Member To Class: ClassName=NCKH_sch Member=Component J2 JP1
Added Member To Class: ClassName=NCKH_sch Member=Component J3 JP4
Added Member To Class: ClassName=NCKH_sch Member=Component JP3 Header 2_1
Added Member To Class: ClassName=NCKH_sch Member=Component R46 Res1
Added Member To Class: ClassName=NCKH_sch Member=Component R46 Res1
Added Member To Class: ClassName=NCKH_sch Member=Component R46 Res1
Added Member To Class: ClassName=NCKH_sch Member=Component R46 Res1
Added Member To Class: ClassName=NCKH_sch Member=Component R46 Res1
Added Member To Class: ClassName=NCKH_sch Member=Component R46 Res1
Added Member To Class: ClassName=NCKH_sch Member=Component R46 Res1
