Removed Pin From Net: NetName=Net*_1 Pin=F?-2
Removed Pin From Net: NetName=B Pin=IC1-1
Removed Pin From Net: NetName=C Pin=IC1-2
Removed Pin From Net: NetName=D Pin=IC1-3
Removed Pin From Net: NetName=E Pin=IC1-4
Removed Pin From Net: NetName=F Pin=IC1-5
Removed Pin From Net: NetName=G Pin=IC1-6
Removed Pin From Net: NetName=DE Pin=IC1-7
Removed Pin From Net: NetName=A Pin=IC1-15
Removed Pin From Net: NetName=L2 Pin=IC2-1
Removed Pin From Net: NetName=L3 Pin=IC2-2
Removed Pin From Net: NetName=L1 Pin=IC2-15
Removed Member From Class: ClassName=NCKH_sch Member=F?
Added Pin To Net: NetName=A Pin=IC1-1
Added Pin To Net: NetName=B Pin=IC1-2
Added Pin To Net: NetName=C Pin=IC1-3
Added Pin To Net: NetName=D Pin=IC1-4
Added Pin To Net: NetName=E Pin=IC1-5
Added Pin To Net: NetName=F Pin=IC1-6
Added Pin To Net: NetName=G Pin=IC1-7
Added Pin To Net: NetName=L1 Pin=IC2-1
Added Pin To Net: NetName=L2 Pin=IC2-2
Added Pin To Net: NetName=L3 Pin=IC2-3
Added Pin To Net: NetName=Net*_1 Pin=TF1-4
Added Member To Class: ClassName=NCKH_sch Member=Component * JP5
Added Member To Class: ClassName=NCKH_sch Member=Component * Zener
Added Member To Class: ClassName=NCKH_sch Member=Component C19 Cap Pol3
Added Member To Class: ClassName=NCKH_sch Member=Component C19 Cap Pol3
Added Member To Class: ClassName=NCKH_sch Member=Component C19 Cap Pol3
Added Member To Class: ClassName=NCKH_sch Member=Component JP3 Header 2_1
Added Member To Class: ClassName=NCKH_sch Member=Component R1 47k
Added Member To Class: ClassName=NCKH_sch Member=Component R2 Res1
Added Member To Class: ClassName=NCKH_sch Member=Component R46 Res1
Added Member To Class: ClassName=NCKH_sch Member=Component R46 Res1
Added Member To Class: ClassName=NCKH_sch Member=Component R46 Res1
Added Member To Class: ClassName=NCKH_sch Member=Component R46 Res1
Added Member To Class: ClassName=NCKH_sch Member=Component T? IRF840
Added Member To Class: ClassName=NCKH_sch Member=Component T? IRF840
Added Member To Class: ClassName=NCKH_sch Member=Component T? IRF840
