Change Component Designator: OldDesignator=R46 NewDesignator=R47
Change Component Designator: OldDesignator=R46 NewDesignator=R48
Change Component Designator: OldDesignator=R46 NewDesignator=R49
Change Component Designator: OldDesignator=R46 NewDesignator=R50
Change Component Designator: OldDesignator=R46 NewDesignator=R51
Added Member To Class: ClassName=NCKH_sch Member=Component * JP5
Added Member To Class: ClassName=NCKH_sch Member=Component * JP5
Added Member To Class: ClassName=NCKH_sch Member=Component C19 Cap Pol3
Added Member To Class: ClassName=NCKH_sch Member=Component C19 Cap Pol3
Added Member To Class: ClassName=NCKH_sch Member=Component JP1 Header 2_1
Added Member To Class: ClassName=NCKH_sch Member=Component JP1 Header 2_1
Added Member To Class: ClassName=NCKH_sch Member=Component R46 Res1
Added Member To Class: ClassName=NCKH_sch Member=Component R46 Res1
Added Member To Class: ClassName=NCKH_sch Member=Component R46 Res1
Added Member To Class: ClassName=NCKH_sch Member=Component R46 Res1
Added Member To Class: ClassName=NCKH_sch Member=Component R46 Res1
Added Member To Class: ClassName=NCKH_sch Member=Component R46 Res1
Added Member To Class: ClassName=NCKH_sch Member=Component R46 Res1
Added Member To Class: ClassName=NCKH_sch Member=Component R47 Res1
Added Member To Class: ClassName=NCKH_sch Member=Component R48 Res1
Added Member To Class: ClassName=NCKH_sch Member=Component R49 Res1
Added Member To Class: ClassName=NCKH_sch Member=Component R50 Res1
Added Member To Class: ClassName=NCKH_sch Member=Component R51 Res1
