Added Component: Designator=*(JP5)
Added Component: Designator=*(D1A)
Added Component: Designator=C19(CA-040,015)
Added Component: Designator=C20(CA-040,015)
Added Component: Designator=D1(DIO-Bri 5A)
Added Component: Designator=D3(D1A)
Added Component: Designator=DZ3(DIO-1A)
Added Component: Designator=F?(Fuse4)
Added Component: Designator=IC1(DIP16/W0.3)
Added Component: Designator=J1(JP1-D1T)
Added Component: Designator=J1(JP20-C1T)
Added Component: Designator=J2(JP1-D1T)
Added Component: Designator=J2(JP20-C1T)
Added Component: Designator=J3(JP1-D1T)
Added Component: Designator=J3(JP4-C1T)
Added Component: Designator=J4(JP1-D1T)
Added Component: Designator=J10(JP1-D1T)
Added Component: Designator=J11(JP1-D1T)
Added Component: Designator=J12(JP1-D1T)
Added Component: Designator=J13(JP1-D1T)
Added Component: Designator=J14(JP1-D1T)
Added Component: Designator=J15(JP1-D1T)
Added Component: Designator=J16(JP1-D1T)
Added Component: Designator=J17(JP1-D1T)
Added Component: Designator=J18(JP1-D1T)
Added Component: Designator=Jk(JP1-D1T)
Added Component: Designator=Jm(JP1-D1T)
Added Component: Designator=JP2(JP6)
Added Component: Designator=JP3(HED2)
Added Component: Designator=JP3(JP6)
Added Component: Designator=JP7(HED2)
Added Component: Designator=JX(JP1-D1T)
Added Component: Designator=JY(JP1-D1T)
Added Component: Designator=LED1(LED-3)
Added Component: Designator=LED2(LED-3)
Added Component: Designator=LED3(LED-3)
Added Component: Designator=LS1(SPEAKER)
Added Component: Designator=Q2(QTO-92)
Added Component: Designator=Q3(QTO-92)
Added Component: Designator=Q4(QTO-92)
Added Component: Designator=Q5(QTO-92)
Added Component: Designator=Q13(QTO-220)
Added Component: Designator=R4x1(R1/4W)
Added Component: Designator=R4x2(R1/4W)
Added Component: Designator=R4x3(R1/4W)
Added Component: Designator=R4x(R1/4W)
Added Component: Designator=R46(R1/4W)
Added Component: Designator=R46(R1/4W)
Added Component: Designator=R46(R1/4W)
Added Component: Designator=R46(R1/4W)
Added Component: Designator=R46(R1/4W)
Added Component: Designator=R46(R1/4W)
Added Component: Designator=R46(R1/4W)
Added Component: Designator=R46(R1/4W)
Added Component: Designator=R60(R1/4W)
Added Component: Designator=T1(TO220H1)
Added Component: Designator=U2(DIP4/W0.3)
Added Component: Designator=U3(DIP6/W0.3)
Added Pin To Net: NetName=5V Pin=J1-18
Added Net: Name=5V
Added Pin To Net: NetName=12V Pin=D3-2
Added Pin To Net: NetName=12V Pin=J3-1
Added Pin To Net: NetName=12V Pin=JP3-1
Added Pin To Net: NetName=12V Pin=Q2-2
Added Pin To Net: NetName=12V Pin=Q13-2
Added Pin To Net: NetName=12V Pin=R46-1
Added Pin To Net: NetName=12V Pin=R46-2
Added Pin To Net: NetName=12V Pin=U2-4
Added Pin To Net: NetName=12V Pin=U3-6
Added Net: Name=12V
Added Pin To Net: NetName=198V Pin=D1-1
Added Pin To Net: NetName=198V Pin=Jk-1
Added Net: Name=198V
Added Pin To Net: NetName=A Pin=IC1-1
Added Pin To Net: NetName=A Pin=JP2-1
Added Net: Name=A
Added Pin To Net: NetName=B Pin=IC1-2
Added Pin To Net: NetName=B Pin=JP2-2
Added Net: Name=B
Added Pin To Net: NetName=C Pin=IC1-3
Added Pin To Net: NetName=C Pin=JP2-3
Added Net: Name=C
Added Pin To Net: NetName=D_1 Pin=JP3-6
Added Pin To Net: NetName=D_1 Pin=Q3-2
Added Net: Name=D_1
Added Pin To Net: NetName=D_2 Pin=JP3-5
Added Pin To Net: NetName=D_2 Pin=Q4-2
Added Net: Name=D_2
Added Pin To Net: NetName=D_3 Pin=JP3-4
Added Pin To Net: NetName=D_3 Pin=Q5-2
Added Net: Name=D_3
Added Pin To Net: NetName=D Pin=IC1-4
Added Pin To Net: NetName=D Pin=JP2-4
Added Net: Name=D
Added Pin To Net: NetName=E Pin=IC1-5
Added Pin To Net: NetName=E Pin=JP2-5
Added Net: Name=E
Added Pin To Net: NetName=F Pin=IC1-6
Added Pin To Net: NetName=F Pin=JP2-6
Added Net: Name=F
Added Pin To Net: NetName=GND_198V Pin=D1-4
Added Pin To Net: NetName=GND_198V Pin=J10-1
Added Pin To Net: NetName=GND_198V Pin=J11-1
Added Pin To Net: NetName=GND_198V Pin=J12-1
Added Net: Name=GND_198V
Added Pin To Net: NetName=GND Pin=*-1
Added Pin To Net: NetName=GND Pin=*-2
Added Pin To Net: NetName=GND Pin=C19-2
Added Pin To Net: NetName=GND Pin=C20-2
Added Pin To Net: NetName=GND Pin=DZ3-1
Added Pin To Net: NetName=GND Pin=IC1-8
Added Pin To Net: NetName=GND Pin=IC1-13
Added Pin To Net: NetName=GND Pin=J1-19
Added Pin To Net: NetName=GND Pin=J2-19
Added Pin To Net: NetName=GND Pin=J2-20
Added Pin To Net: NetName=GND Pin=J3-2
Added Pin To Net: NetName=GND Pin=J4-1
Added Pin To Net: NetName=GND Pin=LED1-2
Added Pin To Net: NetName=GND Pin=LED2-2
Added Pin To Net: NetName=GND Pin=LED3-2
Added Pin To Net: NetName=GND Pin=LS1-2
Added Pin To Net: NetName=GND Pin=Q3-1
Added Pin To Net: NetName=GND Pin=Q4-1
Added Pin To Net: NetName=GND Pin=Q5-1
Added Pin To Net: NetName=GND Pin=R60-1
Added Pin To Net: NetName=GND Pin=T1-3
Added Pin To Net: NetName=GND Pin=U2-2
Added Pin To Net: NetName=GND Pin=U3-2
Added Net: Name=GND
Added Pin To Net: NetName=G Pin=IC1-7
Added Pin To Net: NetName=G Pin=JP3-3
Added Net: Name=G
Added Pin To Net: NetName=NetD1_2 Pin=D1-2
Added Pin To Net: NetName=NetD1_2 Pin=F?-1
Added Pin To Net: NetName=NetD1_2 Pin=JX-1
Added Net: Name=NetD1_2
Added Pin To Net: NetName=NetD1_3 Pin=D1-3
Added Pin To Net: NetName=NetD1_3 Pin=J2-1
Added Pin To Net: NetName=NetD1_3 Pin=JY-1
Added Net: Name=NetD1_3
Added Pin To Net: NetName=NetD3_1 Pin=D3-1
Added Pin To Net: NetName=NetD3_1 Pin=JP3-2
Added Pin To Net: NetName=NetD3_1 Pin=T1-2
Added Pin To Net: NetName=NetD3_1 Pin=T1-2
Added Net: Name=NetD3_1
Added Pin To Net: NetName=NetDZ3_2 Pin=DZ3-2
Added Pin To Net: NetName=NetDZ3_2 Pin=Q2-3
Added Pin To Net: NetName=NetDZ3_2 Pin=R46-2
Added Net: Name=NetDZ3_2
Added Pin To Net: NetName=NetF?_2 Pin=F?-2
Added Pin To Net: NetName=NetF?_2 Pin=J1-1
Added Net: Name=NetF?_2
Added Pin To Net: NetName=NetLED1_1 Pin=LED1-1
Added Pin To Net: NetName=NetLED1_1 Pin=R46-1
Added Net: Name=NetLED1_1
Added Pin To Net: NetName=NetLED2_1 Pin=LED2-1
Added Pin To Net: NetName=NetLED2_1 Pin=R46-1
Added Net: Name=NetLED2_1
Added Pin To Net: NetName=NetLED3_1 Pin=LED3-1
Added Pin To Net: NetName=NetLED3_1 Pin=R46-1
Added Net: Name=NetLED3_1
Added Pin To Net: NetName=NetQ3_3 Pin=Q3-3
Added Pin To Net: NetName=NetQ3_3 Pin=R46-1
Added Net: Name=NetQ3_3
Added Pin To Net: NetName=NetQ4_3 Pin=Q4-3
Added Pin To Net: NetName=NetQ4_3 Pin=R46-1
Added Net: Name=NetQ4_3
Added Pin To Net: NetName=NetQ5_3 Pin=Q5-3
Added Pin To Net: NetName=NetQ5_3 Pin=R46-1
Added Net: Name=NetQ5_3
Added Pin To Net: NetName=NetQ13_1 Pin=Q13-1
Added Pin To Net: NetName=NetQ13_1 Pin=R4x-1
Added Net: Name=NetQ13_1
Added Pin To Net: NetName=NetQ13_3 Pin=Q13-3
Added Pin To Net: NetName=NetQ13_3 Pin=R4x1-2
Added Net: Name=NetQ13_3
Added Pin To Net: NetName=NetR4x2_1 Pin=R4x2-1
Added Pin To Net: NetName=NetR4x2_1 Pin=U3-1
Added Net: Name=NetR4x2_1
Added Pin To Net: NetName=NetR4x3_1 Pin=R4x3-1
Added Pin To Net: NetName=NetR4x3_1 Pin=U2-1
Added Net: Name=NetR4x3_1
Added Pin To Net: NetName=NetR4x_2 Pin=R4x-2
Added Pin To Net: NetName=NetR4x_2 Pin=U3-4
Added Net: Name=NetR4x_2
Added Pin To Net: NetName=NetR46_1 Pin=R46-1
Added Pin To Net: NetName=NetR46_1 Pin=T1-1
Added Net: Name=NetR46_1
Added Pin To Net: NetName=NetR46_2 Pin=R46-2
Added Pin To Net: NetName=NetR46_2 Pin=U2-3
Added Net: Name=NetR46_2
Added Pin To Net: NetName=NRST Pin=J2-17
Added Net: Name=NRST
Added Pin To Net: NetName=OUT Pin=J13-1
Added Pin To Net: NetName=OUT Pin=J14-1
Added Pin To Net: NetName=OUT Pin=J15-1
Added Pin To Net: NetName=OUT Pin=Jm-1
Added Net: Name=OUT
Added Pin To Net: NetName=PA0 Pin=*-2
Added Pin To Net: NetName=PA0 Pin=C19-1
Added Pin To Net: NetName=PA0 Pin=J2-5
Added Pin To Net: NetName=PA0 Pin=JP7-2
Added Pin To Net: NetName=PA0 Pin=R60-2
Added Net: Name=PA0
Added Pin To Net: NetName=PA1 Pin=*-3
Added Pin To Net: NetName=PA1 Pin=J2-6
Added Net: Name=PA1
Added Pin To Net: NetName=PA2 Pin=*-4
Added Pin To Net: NetName=PA2 Pin=J2-7
Added Net: Name=PA2
Added Pin To Net: NetName=PA3 Pin=*-5
Added Pin To Net: NetName=PA3 Pin=J2-8
Added Net: Name=PA3
Added Pin To Net: NetName=PA4 Pin=J2-9
Added Net: Name=PA4
Added Pin To Net: NetName=PA5 Pin=J2-10
Added Pin To Net: NetName=PA5 Pin=R46-2
Added Net: Name=PA5
Added Pin To Net: NetName=PA6 Pin=J2-11
Added Pin To Net: NetName=PA6 Pin=R46-2
Added Net: Name=PA6
Added Pin To Net: NetName=PA7 Pin=J2-12
Added Pin To Net: NetName=PA7 Pin=LS1-1
Added Net: Name=PA7
Added Pin To Net: NetName=PA8 Pin=J1-5
Added Net: Name=PA8
Added Pin To Net: NetName=PA9 Pin=J1-6
Added Net: Name=PA9
Added Pin To Net: NetName=PA10 Pin=J1-7
Added Net: Name=PA10
Added Pin To Net: NetName=PA11 Pin=J1-8
Added Net: Name=PA11
Added Pin To Net: NetName=PA12 Pin=J1-9
Added Net: Name=PA12
Added Pin To Net: NetName=PA15 Pin=J1-10
Added Net: Name=PA15
Added Pin To Net: NetName=PB0 Pin=J2-13
Added Net: Name=PB0
Added Pin To Net: NetName=PB1 Pin=J2-14
Added Net: Name=PB1
Added Pin To Net: NetName=PB3 Pin=IC1-14
Added Pin To Net: NetName=PB3 Pin=J1-11
Added Net: Name=PB3
Added Pin To Net: NetName=PB4 Pin=IC1-12
Added Pin To Net: NetName=PB4 Pin=J1-12
Added Net: Name=PB4
Added Pin To Net: NetName=PB5 Pin=IC1-11
Added Pin To Net: NetName=PB5 Pin=J1-13
Added Net: Name=PB5
Added Pin To Net: NetName=PB6 Pin=J1-14
Added Pin To Net: NetName=PB6 Pin=J3-4
Added Net: Name=PB6
Added Pin To Net: NetName=PB7 Pin=J1-15
Added Pin To Net: NetName=PB7 Pin=J3-3
Added Net: Name=PB7
Added Pin To Net: NetName=PB8 Pin=J1-16
Added Pin To Net: NetName=PB8 Pin=R4x3-2
Added Net: Name=PB8
Added Pin To Net: NetName=PB9 Pin=J1-17
Added Pin To Net: NetName=PB9 Pin=R4x2-2
Added Net: Name=PB9
Added Pin To Net: NetName=PB10 Pin=J2-15
Added Net: Name=PB10
Added Pin To Net: NetName=PB11 Pin=J2-16
Added Net: Name=PB11
Added Pin To Net: NetName=PB12 Pin=J1-1
Added Pin To Net: NetName=PB12 Pin=R46-2
Added Net: Name=PB12
Added Pin To Net: NetName=PB13 Pin=J1-2
Added Pin To Net: NetName=PB13 Pin=R46-2
Added Net: Name=PB13
Added Pin To Net: NetName=PB14 Pin=J1-3
Added Pin To Net: NetName=PB14 Pin=R46-2
Added Net: Name=PB14
Added Pin To Net: NetName=PB15 Pin=J1-4
Added Net: Name=PB15
Added Pin To Net: NetName=PC13 Pin=J2-2
Added Net: Name=PC13
Added Pin To Net: NetName=PC14 Pin=J2-3
Added Net: Name=PC14
Added Pin To Net: NetName=PC15 Pin=J2-4
Added Net: Name=PC15
Added Pin To Net: NetName=R4X1 Pin=J16-1
Added Pin To Net: NetName=R4X1 Pin=J17-1
Added Pin To Net: NetName=R4X1 Pin=J18-1
Added Pin To Net: NetName=R4X1 Pin=R4x1-1
Added Net: Name=R4X1
Added Pin To Net: NetName=SQH Pin=IC1-9
Added Net: Name=SQH
Added Pin To Net: NetName=VBAT Pin=J2-1
Added Net: Name=VBAT
Added Pin To Net: NetName=VCC Pin=*-1
Added Pin To Net: NetName=VCC Pin=C20-1
Added Pin To Net: NetName=VCC Pin=IC1-10
Added Pin To Net: NetName=VCC Pin=IC1-16
Added Pin To Net: NetName=VCC Pin=J1-20
Added Pin To Net: NetName=VCC Pin=J2-18
Added Pin To Net: NetName=VCC Pin=J3-1
Added Pin To Net: NetName=VCC Pin=JP7-1
Added Pin To Net: NetName=VCC Pin=Q2-1
Added Net: Name=VCC
Added Class: Name=NCKH_sch
Added Room: Name=NCKH_sch
