Removed Pin From Net: NetName=GND_3V3 Pin=*-1
Removed Pin From Net: NetName=PA0 Pin=*-2
Added Component: Designator=*(D1A)
Added Component: Designator=J?(JP4-C1T)
Added Pin To Net: NetName=GND_3V3 Pin=*-1
Added Pin To Net: NetName=PA0 Pin=*-2
Added Pin To Net: NetName=3V3 Pin=J?-1
Added Pin To Net: NetName=GND_3V3 Pin=J?-2
Added Pin To Net: NetName=PB7 Pin=J?-3
Added Pin To Net: NetName=PB6 Pin=J?-4
Added Member To Class: ClassName=NCKH_sch Member=Component * Zener
Added Member To Class: ClassName=NCKH_sch Member=Component C19 Cap Pol3
Added Member To Class: ClassName=NCKH_sch Member=Component C19 Cap Pol3
Added Member To Class: ClassName=NCKH_sch Member=Component C19 Cap Pol3
Added Member To Class: ClassName=NCKH_sch Member=Component J? JP4
Added Member To Class: ClassName=NCKH_sch Member=Component JP3 Header 2_1
Added Member To Class: ClassName=NCKH_sch Member=Component R1 47k
Added Member To Class: ClassName=NCKH_sch Member=Component R2 Res1
Added Member To Class: ClassName=NCKH_sch Member=Component R3 470R
Added Member To Class: ClassName=NCKH_sch Member=Component R4 Res1
Added Member To Class: ClassName=NCKH_sch Member=Component R5 Res1
Added Member To Class: ClassName=NCKH_sch Member=Component R6 1k
Added Member To Class: ClassName=NCKH_sch Member=Component R7 Res1
Added Member To Class: ClassName=NCKH_sch Member=Component R7 1k
Added Member To Class: ClassName=NCKH_sch Member=Component R46 Res1
Added Member To Class: ClassName=NCKH_sch Member=Component R46 Res1
Added Member To Class: ClassName=NCKH_sch Member=Component R46 Res1
Added Member To Class: ClassName=NCKH_sch Member=Component R46 Res1
Added Member To Class: ClassName=NCKH_sch Member=Component R46 Res1
