Removed Pin From Net: NetName=PB10 Pin=R5-2
Removed Pin From Net: NetName=PB11 Pin=R6-2
Removed Pin From Net: NetName=PB10 Pin=SW5-2
Removed Pin From Net: NetName=PB11 Pin=SW6-2
Added Pin To Net: NetName=PB0 Pin=R5-2
Added Pin To Net: NetName=PA7 Pin=R6-2
Added Pin To Net: NetName=PB0 Pin=SW5-2
Added Pin To Net: NetName=PA7 Pin=SW6-2
Added Member To Class: ClassName=NCKH_sch Member=Component * JP5
Added Member To Class: ClassName=NCKH_sch Member=Component * JP5
Added Member To Class: ClassName=NCKH_sch Member=Component C19 Cap Pol3
Added Member To Class: ClassName=NCKH_sch Member=Component C19 Cap Pol3
Added Member To Class: ClassName=NCKH_sch Member=Component JP3 Header 2_1
Added Member To Class: ClassName=NCKH_sch Member=Component JP4 JP6 PIN
Added Member To Class: ClassName=NCKH_sch Member=Component R1 47k
Added Member To Class: ClassName=NCKH_sch Member=Component R2 47R
Added Member To Class: ClassName=NCKH_sch Member=Component R3 470R
Added Member To Class: ClassName=NCKH_sch Member=Component R4 1k
Added Member To Class: ClassName=NCKH_sch Member=Component R5 1k
Added Member To Class: ClassName=NCKH_sch Member=Component R6 1k
Added Member To Class: ClassName=NCKH_sch Member=Component R7 1k
Added Member To Class: ClassName=NCKH_sch Member=Component R46 Res1
Added Member To Class: ClassName=NCKH_sch Member=Component R46 Res1
Added Member To Class: ClassName=NCKH_sch Member=Component R46 Res1
Added Member To Class: ClassName=NCKH_sch Member=Component R46 Res1
Added Member To Class: ClassName=NCKH_sch Member=Component R46 Res1
Added Member To Class: ClassName=NCKH_sch Member=Component R46 Res1
Added Member To Class: ClassName=NCKH_sch Member=Component R46 Res1
Added Member To Class: ClassName=NCKH_sch Member=Component R46 Res1
Added Member To Class: ClassName=NCKH_sch Member=Component R46 Res1
