Removed Pin From Net: NetName=3V3 Pin=R3-1
Removed Pin From Net: NetName=PA11 Pin=R3-2
Removed Pin From Net: NetName=3V3 Pin=R4-1
Removed Pin From Net: NetName=PA8 Pin=R4-2
Removed Pin From Net: NetName=3V3 Pin=R5-1
Removed Pin From Net: NetName=PB15 Pin=R5-2
Removed Pin From Net: NetName=3V3 Pin=R7-1
Removed Pin From Net: NetName=PB13 Pin=R7-2
Removed Pin From Net: NetName=3V3 Pin=R8-1
Removed Pin From Net: NetName=PB14 Pin=R8-2
Removed Member From Class: ClassName=NCKH_sch Member=R8
Added Component: Designator=R?(SM-RES-1206)
Added Component: Designator=R?(SM-RES-1206)
Added Component: Designator=R?(SM-RES-1206)
Added Component: Designator=R?(SM-RES-1206)
Added Component: Designator=R?(SM-RES-1206)
Added Pin To Net: NetName=PA8 Pin=R?-1
Added Pin To Net: NetName=PA11 Pin=R?-1
Added Pin To Net: NetName=PB13 Pin=R?-1
Added Pin To Net: NetName=PB14 Pin=R?-1
Added Pin To Net: NetName=PB15 Pin=R?-1
Added Pin To Net: NetName=3V3 Pin=R?-2
Added Pin To Net: NetName=3V3 Pin=R?-2
Added Pin To Net: NetName=3V3 Pin=R?-2
Added Pin To Net: NetName=3V3 Pin=R?-2
Added Pin To Net: NetName=3V3 Pin=R?-2
Added Member To Class: ClassName=NCKH_sch Member=Component * Zener
Added Member To Class: ClassName=NCKH_sch Member=Component C19 Cap Pol3
Added Member To Class: ClassName=NCKH_sch Member=Component C19 Cap Pol3
Added Member To Class: ClassName=NCKH_sch Member=Component C19 Cap Pol3
Added Member To Class: ClassName=NCKH_sch Member=Component JP3 Header 2_1
Added Member To Class: ClassName=NCKH_sch Member=Component R1 47k
Added Member To Class: ClassName=NCKH_sch Member=Component R1 Res1
Added Member To Class: ClassName=NCKH_sch Member=Component R1 47k
Added Member To Class: ClassName=NCKH_sch Member=Component R2 Res1
Added Member To Class: ClassName=NCKH_sch Member=Component R46 Res1
Added Member To Class: ClassName=NCKH_sch Member=Component R46 Res1
Added Member To Class: ClassName=NCKH_sch Member=Component R46 Res1
Added Member To Class: ClassName=NCKH_sch Member=Component R46 Res1
Added Member To Class: ClassName=NCKH_sch Member=Component R? 1k
Added Member To Class: ClassName=NCKH_sch Member=Component R? 1k
Added Member To Class: ClassName=NCKH_sch Member=Component R? 1k
Added Member To Class: ClassName=NCKH_sch Member=Component R? 1k
Added Member To Class: ClassName=NCKH_sch Member=Component R? 1k
Added Member To Class: ClassName=NCKH_sch Member=Component SW? SW
Added Member To Class: ClassName=NCKH_sch Member=Component SW? SW
Added Member To Class: ClassName=NCKH_sch Member=Component SW? SW
Added Member To Class: ClassName=NCKH_sch Member=Component SW? SW
Added Member To Class: ClassName=NCKH_sch Member=Component SW? SW
