Added Component: Designator=*(D1A)
Added Component: Designator=*(JP5)
Added Component: Designator=*(JP5)
Added Component: Designator=C1(CN1)
Added Component: Designator=C2(CN1)
Added Component: Designator=C19(CP2/5)
Added Component: Designator=C19(CP2/5)
Added Component: Designator=C19(CP2/5)
Added Component: Designator=C19(CP2/5)
Added Component: Designator=D1(DIO-Bri 5A)
Added Component: Designator=D2(D5A)
Added Component: Designator=DS1(LED7SEG-2-0.36)
Added Component: Designator=DS2(LED7SEG-4-0.56)
Added Component: Designator=DS3(LED7SEG-4-0.56)
Added Component: Designator=DZ1(DIO-0.5A-SMALL)
Added Component: Designator=DZ2(DIO-0.5A-SMALL)
Added Component: Designator=DZ3(DIO-0.5A-SMALL)
Added Component: Designator=IC1(DIP16/W0.3)
Added Component: Designator=IC2(DIP16/W0.3)
Added Component: Designator=IC3(DIP16/W0.3)
Added Component: Designator=J1(JP20-C1T)
Added Component: Designator=J2(JP20-C1T)
Added Component: Designator=JP1(HED2)
Added Component: Designator=JP1(HED2)
Added Component: Designator=JP1(HED2)
Added Component: Designator=JP1(HED2)
Added Component: Designator=JP2(JP6)
Added Component: Designator=JP3(JP6)
Added Component: Designator=JP4(JP6)
Added Component: Designator=JP5(JP6)
Added Component: Designator=L1(L/0.4)
Added Component: Designator=LED1(LED-3)
Added Component: Designator=LED2(LED-3)
Added Component: Designator=LED3(LED-3)
Added Component: Designator=LS1(SPEAKER)
Added Component: Designator=Q1(QTO-92)
Added Component: Designator=Q2(QTO-92)
Added Component: Designator=Q3(QTO-92)
Added Component: Designator=Q4(QTO-92)
Added Component: Designator=Q5(QTO-92)
Added Component: Designator=Q6(QTO-92)
Added Component: Designator=Q7(QTO-92)
Added Component: Designator=Q8(QTO-92)
Added Component: Designator=Q9(QTO-92)
Added Component: Designator=Q10(QTO-92)
Added Component: Designator=Q11(QTO-92)
Added Component: Designator=Q12(QTO-92)
Added Component: Designator=Q13(QTO-220)
Added Component: Designator=R1(R1/4W)
Added Component: Designator=R2(R1/4W)
Added Component: Designator=R3(R1/4W)
Added Component: Designator=R4(R1/4W)
Added Component: Designator=R5(R2W)
Added Component: Designator=R6(R1/4W)
Added Component: Designator=R7(R1/4W)
Added Component: Designator=R8(SM-RES-1206)
Added Component: Designator=R9(SM-RES-1206)
Added Component: Designator=R10(SM-RES-1206)
Added Component: Designator=R11(SM-RES-1206)
Added Component: Designator=R12(SM-RES-1206)
Added Component: Designator=R13(SM-RES-1206)
Added Component: Designator=R14(SM-RES-1206)
Added Component: Designator=R15(SM-RES-1206)
Added Component: Designator=R16(SM-RES-1206)
Added Component: Designator=R17(SM-RES-1206)
Added Component: Designator=R46(R1/4W)
Added Component: Designator=R46(R1/4W)
Added Component: Designator=R46(R1/4W)
Added Component: Designator=R46(R1/4W)
Added Component: Designator=R46(R1/4W)
Added Component: Designator=R46(R1/4W)
Added Component: Designator=R46(R1/4W)
Added Component: Designator=R46(R1/4W)
Added Component: Designator=R46(R1/4W)
Added Component: Designator=R46(R1/4W)
Added Component: Designator=R46(R1/4W)
Added Component: Designator=R46(R1/4W)
Added Component: Designator=R46(R1/4W)
Added Component: Designator=R46(R1/4W)
Added Component: Designator=SW1(SW4)
Added Component: Designator=SW2(SW4)
Added Component: Designator=SW3(SW4)
Added Component: Designator=SW4(SW4)
Added Component: Designator=SW5(SW4)
Added Component: Designator=SW6(SW4)
Added Component: Designator=T1(TO247)
Added Component: Designator=T2(TO247)
Added Component: Designator=T3(TO247)
Added Component: Designator=T4(TO247)
Added Component: Designator=TF1(EE16/7/4 (E16))
Added Component: Designator=TNY265(DIP8/W0.3)
Added Component: Designator=U1(DIP4)
Added Component: Designator=U2(DIP4/W0.3)
Added Component: Designator=U3(DIP6/W0.3)
Added Pin To Net: NetName=3V3 Pin=IC1-10
Added Pin To Net: NetName=3V3 Pin=IC2-10
Added Pin To Net: NetName=3V3 Pin=IC3-10
Added Pin To Net: NetName=3V3 Pin=J1-20
Added Pin To Net: NetName=3V3 Pin=J2-18
Added Pin To Net: NetName=3V3 Pin=Q2-1
Added Pin To Net: NetName=3V3 Pin=Q3-2
Added Pin To Net: NetName=3V3 Pin=Q4-2
Added Pin To Net: NetName=3V3 Pin=Q5-2
Added Pin To Net: NetName=3V3 Pin=Q6-2
Added Pin To Net: NetName=3V3 Pin=Q7-2
Added Pin To Net: NetName=3V3 Pin=Q8-2
Added Pin To Net: NetName=3V3 Pin=Q9-2
Added Pin To Net: NetName=3V3 Pin=Q10-2
Added Pin To Net: NetName=3V3 Pin=Q11-2
Added Pin To Net: NetName=3V3 Pin=Q12-2
Added Pin To Net: NetName=3V3 Pin=R46-1
Added Pin To Net: NetName=3V3 Pin=R46-1
Added Pin To Net: NetName=3V3 Pin=R46-1
Added Pin To Net: NetName=3V3 Pin=R46-1
Added Pin To Net: NetName=3V3 Pin=R46-1
Added Pin To Net: NetName=3V3 Pin=R46-1
Added Net: Name=3V3
Added Pin To Net: NetName=5V Pin=J1-18
Added Net: Name=5V
Added Pin To Net: NetName=10V Pin=Q1-1
Added Pin To Net: NetName=10V Pin=Q2-2
Added Pin To Net: NetName=10V Pin=Q13-2
Added Pin To Net: NetName=10V Pin=R7-2
Added Pin To Net: NetName=10V Pin=U3-6
Added Net: Name=10V
Added Pin To Net: NetName=12V Pin=C19-1
Added Pin To Net: NetName=12V Pin=L1-2
Added Pin To Net: NetName=12V Pin=Q1-2
Added Pin To Net: NetName=12V Pin=R4-2
Added Pin To Net: NetName=12V Pin=R6-2
Added Pin To Net: NetName=12V Pin=T1-2
Added Pin To Net: NetName=12V Pin=U2-4
Added Net: Name=12V
Added Pin To Net: NetName=198V Pin=C1-2
Added Pin To Net: NetName=198V Pin=C19-1
Added Pin To Net: NetName=198V Pin=D1-1
Added Pin To Net: NetName=198V Pin=R1-2
Added Pin To Net: NetName=198V Pin=T2-2
Added Pin To Net: NetName=198V Pin=T3-2
Added Pin To Net: NetName=198V Pin=T4-2
Added Pin To Net: NetName=198V Pin=TF1-8
Added Net: Name=198V
Added Pin To Net: NetName=A1 Pin=DS2-11
Added Pin To Net: NetName=A1 Pin=IC2-15
Added Pin To Net: NetName=A1 Pin=JP4-2
Added Net: Name=A1
Added Pin To Net: NetName=A2 Pin=IC3-15
Added Net: Name=A2
Added Pin To Net: NetName=A3 Pin=*-3
Added Pin To Net: NetName=A3 Pin=DS1-3
Added Net: Name=A3
Added Pin To Net: NetName=A Pin=DS3-11
Added Pin To Net: NetName=A Pin=IC1-15
Added Pin To Net: NetName=A Pin=JP2-2
Added Net: Name=A
Added Pin To Net: NetName=B1 Pin=DS2-7
Added Pin To Net: NetName=B1 Pin=IC2-1
Added Pin To Net: NetName=B1 Pin=JP4-6
Added Net: Name=B1
Added Pin To Net: NetName=B2 Pin=IC3-1
Added Net: Name=B2
Added Pin To Net: NetName=B3 Pin=*-4
Added Pin To Net: NetName=B3 Pin=DS1-9
Added Net: Name=B3
Added Pin To Net: NetName=B Pin=DS3-7
Added Pin To Net: NetName=B Pin=IC1-1
Added Pin To Net: NetName=B Pin=JP2-6
Added Net: Name=B
Added Pin To Net: NetName=C1 Pin=DS2-4
Added Pin To Net: NetName=C1 Pin=IC2-2
Added Pin To Net: NetName=C1 Pin=JP5-3
Added Net: Name=C1
Added Pin To Net: NetName=C2 Pin=IC3-2
Added Net: Name=C2
Added Pin To Net: NetName=C3 Pin=*-3
Added Pin To Net: NetName=C3 Pin=DS1-8
Added Net: Name=C3
Added Pin To Net: NetName=C Pin=DS3-4
Added Pin To Net: NetName=C Pin=IC1-2
Added Pin To Net: NetName=C Pin=JP3-3
Added Net: Name=C
Added Pin To Net: NetName=D1 Pin=DS2-2
Added Pin To Net: NetName=D1 Pin=IC2-3
Added Pin To Net: NetName=D1 Pin=JP5-5
Added Net: Name=D1
Added Pin To Net: NetName=D2 Pin=IC3-3
Added Net: Name=D2
Added Pin To Net: NetName=D3 Pin=*-1
Added Pin To Net: NetName=D3 Pin=DS1-6
Added Net: Name=D3
Added Pin To Net: NetName=D_1 Pin=DS3-12
Added Pin To Net: NetName=D_1 Pin=JP2-1
Added Pin To Net: NetName=D_1 Pin=Q3-1
Added Net: Name=D_1
Added Pin To Net: NetName=D_2 Pin=DS3-9
Added Pin To Net: NetName=D_2 Pin=JP2-4
Added Pin To Net: NetName=D_2 Pin=Q4-1
Added Net: Name=D_2
Added Pin To Net: NetName=D_3 Pin=DS3-8
Added Pin To Net: NetName=D_3 Pin=JP2-5
Added Pin To Net: NetName=D_3 Pin=Q5-1
Added Net: Name=D_3
Added Pin To Net: NetName=D_4 Pin=DS3-6
Added Pin To Net: NetName=D_4 Pin=JP3-1
Added Pin To Net: NetName=D_4 Pin=Q6-1
Added Net: Name=D_4
Added Pin To Net: NetName=D_5 Pin=DS2-12
Added Pin To Net: NetName=D_5 Pin=JP4-1
Added Pin To Net: NetName=D_5 Pin=Q7-1
Added Net: Name=D_5
Added Pin To Net: NetName=D_6 Pin=DS2-9
Added Pin To Net: NetName=D_6 Pin=JP4-4
Added Pin To Net: NetName=D_6 Pin=Q8-1
Added Net: Name=D_6
Added Pin To Net: NetName=D_7 Pin=DS2-8
Added Pin To Net: NetName=D_7 Pin=JP4-5
Added Pin To Net: NetName=D_7 Pin=Q9-1
Added Net: Name=D_7
Added Pin To Net: NetName=D_8 Pin=DS2-6
Added Pin To Net: NetName=D_8 Pin=JP5-1
Added Pin To Net: NetName=D_8 Pin=Q10-1
Added Net: Name=D_8
Added Pin To Net: NetName=D_9 Pin=*-5
Added Pin To Net: NetName=D_9 Pin=DS1-5
Added Pin To Net: NetName=D_9 Pin=Q11-1
Added Net: Name=D_9
Added Pin To Net: NetName=D_10 Pin=*-5
Added Pin To Net: NetName=D_10 Pin=DS1-10
Added Pin To Net: NetName=D_10 Pin=Q12-1
Added Net: Name=D_10
Added Pin To Net: NetName=DE1 Pin=DS2-3
Added Pin To Net: NetName=DE1 Pin=IC2-7
Added Pin To Net: NetName=DE1 Pin=JP5-4
Added Net: Name=DE1
Added Pin To Net: NetName=DE2 Pin=IC3-7
Added Net: Name=DE2
Added Pin To Net: NetName=DE3 Pin=*-2
Added Pin To Net: NetName=DE3 Pin=DS1-2
Added Net: Name=DE3
Added Pin To Net: NetName=DE Pin=DS3-3
Added Pin To Net: NetName=DE Pin=IC1-7
Added Pin To Net: NetName=DE Pin=JP3-4
Added Net: Name=DE
Added Pin To Net: NetName=D Pin=DS3-2
Added Pin To Net: NetName=D Pin=IC1-3
Added Pin To Net: NetName=D Pin=JP3-5
Added Net: Name=D
Added Pin To Net: NetName=E1 Pin=DS2-1
Added Pin To Net: NetName=E1 Pin=IC2-4
Added Pin To Net: NetName=E1 Pin=JP5-6
Added Net: Name=E1
Added Pin To Net: NetName=E2 Pin=IC3-4
Added Net: Name=E2
Added Pin To Net: NetName=E3 Pin=*-2
Added Pin To Net: NetName=E3 Pin=DS1-7
Added Net: Name=E3
Added Pin To Net: NetName=E Pin=DS3-1
Added Pin To Net: NetName=E Pin=IC1-4
Added Pin To Net: NetName=E Pin=JP3-6
Added Net: Name=E
Added Pin To Net: NetName=F1 Pin=DS2-10
Added Pin To Net: NetName=F1 Pin=IC2-5
Added Pin To Net: NetName=F1 Pin=JP4-3
Added Net: Name=F1
Added Pin To Net: NetName=F2 Pin=IC3-5
Added Net: Name=F2
Added Pin To Net: NetName=F3 Pin=DS1-4
Added Net: Name=F3
Added Pin To Net: NetName=F4 Pin=*-4
Added Net: Name=F4
Added Pin To Net: NetName=F Pin=DS3-10
Added Pin To Net: NetName=F Pin=IC1-5
Added Pin To Net: NetName=F Pin=JP2-3
Added Net: Name=F
Added Pin To Net: NetName=G1 Pin=DS2-5
Added Pin To Net: NetName=G1 Pin=IC2-6
Added Pin To Net: NetName=G1 Pin=JP5-2
Added Net: Name=G1
Added Pin To Net: NetName=G2 Pin=IC3-6
Added Net: Name=G2
Added Pin To Net: NetName=G3 Pin=*-1
Added Pin To Net: NetName=G3 Pin=DS1-1
Added Net: Name=G3
Added Pin To Net: NetName=GND_3V3 Pin=C19-2
Added Pin To Net: NetName=GND_3V3 Pin=C19-2
Added Pin To Net: NetName=GND_3V3 Pin=C19-2
Added Pin To Net: NetName=GND_3V3 Pin=DZ1-1
Added Pin To Net: NetName=GND_3V3 Pin=DZ2-1
Added Pin To Net: NetName=GND_3V3 Pin=DZ3-1
Added Pin To Net: NetName=GND_3V3 Pin=IC1-13
Added Pin To Net: NetName=GND_3V3 Pin=IC2-13
Added Pin To Net: NetName=GND_3V3 Pin=IC3-13
Added Pin To Net: NetName=GND_3V3 Pin=J1-19
Added Pin To Net: NetName=GND_3V3 Pin=J2-19
Added Pin To Net: NetName=GND_3V3 Pin=J2-20
Added Pin To Net: NetName=GND_3V3 Pin=JP1-2
Added Pin To Net: NetName=GND_3V3 Pin=LED1-2
Added Pin To Net: NetName=GND_3V3 Pin=SW1-1
Added Pin To Net: NetName=GND_3V3 Pin=SW2-1
Added Pin To Net: NetName=GND_3V3 Pin=SW3-1
Added Pin To Net: NetName=GND_3V3 Pin=SW4-1
Added Pin To Net: NetName=GND_3V3 Pin=SW5-1
Added Pin To Net: NetName=GND_3V3 Pin=SW6-1
Added Pin To Net: NetName=GND_3V3 Pin=TF1-3
Added Pin To Net: NetName=GND_3V3 Pin=U2-2
Added Pin To Net: NetName=GND_3V3 Pin=U3-2
Added Net: Name=GND_3V3
Added Pin To Net: NetName=GND_198 Pin=JP1-1
Added Net: Name=GND_198
Added Pin To Net: NetName=GND_198V Pin=C2-1
Added Pin To Net: NetName=GND_198V Pin=C19-2
Added Pin To Net: NetName=GND_198V Pin=D1-4
Added Pin To Net: NetName=GND_198V Pin=D2-1
Added Pin To Net: NetName=GND_198V Pin=TF1-9
Added Pin To Net: NetName=GND_198V Pin=TNY265-5
Added Net: Name=GND_198V
Added Pin To Net: NetName=GND Pin=IC1-8
Added Pin To Net: NetName=GND Pin=IC2-8
Added Pin To Net: NetName=GND Pin=IC3-8
Added Pin To Net: NetName=GND Pin=LED2-2
Added Pin To Net: NetName=GND Pin=LED3-2
Added Pin To Net: NetName=GND Pin=LS1-2
Added Net: Name=GND
Added Pin To Net: NetName=G Pin=DS3-5
Added Pin To Net: NetName=G Pin=IC1-6
Added Pin To Net: NetName=G Pin=JP3-2
Added Net: Name=G
Added Pin To Net: NetName=Net*_1 Pin=*-1
Added Pin To Net: NetName=Net*_1 Pin=TF1-4
Added Net: Name=Net*_1
Added Pin To Net: NetName=Net*_2 Pin=*-2
Added Pin To Net: NetName=Net*_2 Pin=C19-1
Added Pin To Net: NetName=Net*_2 Pin=L1-1
Added Pin To Net: NetName=Net*_2 Pin=R2-2
Added Pin To Net: NetName=Net*_2 Pin=R3-2
Added Net: Name=Net*_2
Added Pin To Net: NetName=NetC1_1 Pin=C1-1
Added Pin To Net: NetName=NetC1_1 Pin=D2-2
Added Pin To Net: NetName=NetC1_1 Pin=R1-1
Added Net: Name=NetC1_1
Added Pin To Net: NetName=NetC2_2 Pin=C2-2
Added Pin To Net: NetName=NetC2_2 Pin=TNY265-1
Added Net: Name=NetC2_2
Added Pin To Net: NetName=NetC19_1 Pin=C19-1
Added Pin To Net: NetName=NetC19_1 Pin=R46-1
Added Net: Name=NetC19_1
Added Pin To Net: NetName=NetD1_2 Pin=D1-2
Added Pin To Net: NetName=NetD1_2 Pin=JP1-2
Added Net: Name=NetD1_2
Added Pin To Net: NetName=NetD1_3 Pin=D1-3
Added Pin To Net: NetName=NetD1_3 Pin=R5-2
Added Net: Name=NetD1_3
Added Pin To Net: NetName=NetDZ1_2 Pin=DZ1-2
Added Pin To Net: NetName=NetDZ1_2 Pin=Q1-3
Added Pin To Net: NetName=NetDZ1_2 Pin=R6-1
Added Net: Name=NetDZ1_2
Added Pin To Net: NetName=NetDZ2_2 Pin=DZ2-2
Added Pin To Net: NetName=NetDZ2_2 Pin=R3-1
Added Pin To Net: NetName=NetDZ2_2 Pin=U1-2
Added Net: Name=NetDZ2_2
Added Pin To Net: NetName=NetDZ3_2 Pin=DZ3-2
Added Pin To Net: NetName=NetDZ3_2 Pin=Q2-3
Added Pin To Net: NetName=NetDZ3_2 Pin=R7-1
Added Net: Name=NetDZ3_2
Added Pin To Net: NetName=NetJP1_1 Pin=JP1-1
Added Pin To Net: NetName=NetJP1_1 Pin=T1-3
Added Net: Name=NetJP1_1
Added Pin To Net: NetName=NetJP1_2 Pin=JP1-2
Added Pin To Net: NetName=NetJP1_2 Pin=T2-3
Added Pin To Net: NetName=NetJP1_2 Pin=T3-3
Added Pin To Net: NetName=NetJP1_2 Pin=T4-3
Added Net: Name=NetJP1_2
Added Pin To Net: NetName=NetLED1_1 Pin=LED1-1
Added Pin To Net: NetName=NetLED1_1 Pin=R4-1
Added Net: Name=NetLED1_1
Added Pin To Net: NetName=NetLED2_1 Pin=LED2-1
Added Pin To Net: NetName=NetLED2_1 Pin=R46-2
Added Net: Name=NetLED2_1
Added Pin To Net: NetName=NetLED3_1 Pin=LED3-1
Added Pin To Net: NetName=NetLED3_1 Pin=R46-2
Added Net: Name=NetLED3_1
Added Pin To Net: NetName=NetQ3_3 Pin=Q3-3
Added Pin To Net: NetName=NetQ3_3 Pin=R8-1
Added Net: Name=NetQ3_3
Added Pin To Net: NetName=NetQ4_3 Pin=Q4-3
Added Pin To Net: NetName=NetQ4_3 Pin=R9-1
Added Net: Name=NetQ4_3
Added Pin To Net: NetName=NetQ5_3 Pin=Q5-3
Added Pin To Net: NetName=NetQ5_3 Pin=R10-1
Added Net: Name=NetQ5_3
Added Pin To Net: NetName=NetQ6_3 Pin=Q6-3
Added Pin To Net: NetName=NetQ6_3 Pin=R11-1
Added Net: Name=NetQ6_3
Added Pin To Net: NetName=NetQ7_3 Pin=Q7-3
Added Pin To Net: NetName=NetQ7_3 Pin=R12-1
Added Net: Name=NetQ7_3
Added Pin To Net: NetName=NetQ8_3 Pin=Q8-3
Added Pin To Net: NetName=NetQ8_3 Pin=R13-1
Added Net: Name=NetQ8_3
Added Pin To Net: NetName=NetQ9_3 Pin=Q9-3
Added Pin To Net: NetName=NetQ9_3 Pin=R14-1
Added Net: Name=NetQ9_3
Added Pin To Net: NetName=NetQ10_3 Pin=Q10-3
Added Pin To Net: NetName=NetQ10_3 Pin=R15-1
Added Net: Name=NetQ10_3
Added Pin To Net: NetName=NetQ11_3 Pin=Q11-3
Added Pin To Net: NetName=NetQ11_3 Pin=R16-1
Added Net: Name=NetQ11_3
Added Pin To Net: NetName=NetQ12_3 Pin=Q12-3
Added Pin To Net: NetName=NetQ12_3 Pin=R17-1
Added Net: Name=NetQ12_3
Added Pin To Net: NetName=NetQ13_1 Pin=Q13-1
Added Pin To Net: NetName=NetQ13_1 Pin=R46-1
Added Net: Name=NetQ13_1
Added Pin To Net: NetName=NetQ13_3 Pin=Q13-3
Added Pin To Net: NetName=NetQ13_3 Pin=R46-2
Added Net: Name=NetQ13_3
Added Pin To Net: NetName=NetR2_1 Pin=R2-1
Added Pin To Net: NetName=NetR2_1 Pin=U1-1
Added Net: Name=NetR2_1
Added Pin To Net: NetName=NetR46_1 Pin=R46-1
Added Pin To Net: NetName=NetR46_1 Pin=T1-1
Added Net: Name=NetR46_1
Added Pin To Net: NetName=NetR46_2 Pin=R46-2
Added Pin To Net: NetName=NetR46_2 Pin=U2-3
Added Net: Name=NetR46_2
Added Pin To Net: NetName=NetTNY265_4 Pin=TNY265-4
Added Pin To Net: NetName=NetTNY265_4 Pin=U1-3
Added Net: Name=NetTNY265_4
Added Pin To Net: NetName=NRST Pin=J2-17
Added Net: Name=NRST
Added Pin To Net: NetName=PA0 Pin=J2-5
Added Pin To Net: NetName=PA0 Pin=R46-2
Added Net: Name=PA0
Added Pin To Net: NetName=PA1 Pin=J2-6
Added Net: Name=PA1
Added Pin To Net: NetName=PA2 Pin=J2-7
Added Net: Name=PA2
Added Pin To Net: NetName=PA3 Pin=J2-8
Added Net: Name=PA3
Added Pin To Net: NetName=PA4 Pin=J2-9
Added Net: Name=PA4
Added Pin To Net: NetName=PA5 Pin=J2-10
Added Net: Name=PA5
Added Pin To Net: NetName=PA6 Pin=J2-11
Added Net: Name=PA6
Added Pin To Net: NetName=PA7 Pin=J2-12
Added Net: Name=PA7
Added Pin To Net: NetName=PA8 Pin=J1-5
Added Pin To Net: NetName=PA8 Pin=R12-2
Added Net: Name=PA8
Added Pin To Net: NetName=PA9 Pin=J1-6
Added Pin To Net: NetName=PA9 Pin=R13-2
Added Net: Name=PA9
Added Pin To Net: NetName=PA10 Pin=J1-7
Added Pin To Net: NetName=PA10 Pin=R14-2
Added Net: Name=PA10
Added Pin To Net: NetName=PA11 Pin=J1-8
Added Pin To Net: NetName=PA11 Pin=R15-2
Added Net: Name=PA11
Added Pin To Net: NetName=PA12 Pin=J1-9
Added Pin To Net: NetName=PA12 Pin=R16-2
Added Net: Name=PA12
Added Pin To Net: NetName=PA15 Pin=J1-10
Added Pin To Net: NetName=PA15 Pin=R17-2
Added Net: Name=PA15
Added Pin To Net: NetName=PB0 Pin=J2-13
Added Net: Name=PB0
Added Pin To Net: NetName=PB1 Pin=J2-14
Added Pin To Net: NetName=PB1 Pin=LS1-1
Added Net: Name=PB1
Added Pin To Net: NetName=PB3 Pin=IC1-14
Added Pin To Net: NetName=PB3 Pin=IC2-14
Added Pin To Net: NetName=PB3 Pin=IC3-14
Added Pin To Net: NetName=PB3 Pin=J1-11
Added Net: Name=PB3
Added Pin To Net: NetName=PB4 Pin=IC1-11
Added Pin To Net: NetName=PB4 Pin=IC2-11
Added Pin To Net: NetName=PB4 Pin=IC3-11
Added Pin To Net: NetName=PB4 Pin=J1-12
Added Net: Name=PB4
Added Pin To Net: NetName=PB5 Pin=IC1-12
Added Pin To Net: NetName=PB5 Pin=J1-13
Added Net: Name=PB5
Added Pin To Net: NetName=PB6 Pin=J1-14
Added Pin To Net: NetName=PB6 Pin=R46-2
Added Pin To Net: NetName=PB6 Pin=SW1-2
Added Net: Name=PB6
Added Pin To Net: NetName=PB7 Pin=J1-15
Added Pin To Net: NetName=PB7 Pin=R46-2
Added Pin To Net: NetName=PB7 Pin=SW2-2
Added Net: Name=PB7
Added Pin To Net: NetName=PB8 Pin=J1-16
Added Pin To Net: NetName=PB8 Pin=R46-2
Added Pin To Net: NetName=PB8 Pin=SW3-2
Added Net: Name=PB8
Added Pin To Net: NetName=PB9 Pin=J1-17
Added Pin To Net: NetName=PB9 Pin=R46-2
Added Pin To Net: NetName=PB9 Pin=SW4-2
Added Net: Name=PB9
Added Pin To Net: NetName=PB10 Pin=J2-15
Added Pin To Net: NetName=PB10 Pin=R46-1
Added Pin To Net: NetName=PB10 Pin=R46-2
Added Pin To Net: NetName=PB10 Pin=SW5-2
Added Net: Name=PB10
Added Pin To Net: NetName=PB11 Pin=J2-16
Added Pin To Net: NetName=PB11 Pin=R46-1
Added Pin To Net: NetName=PB11 Pin=R46-2
Added Pin To Net: NetName=PB11 Pin=SW6-2
Added Net: Name=PB11
Added Pin To Net: NetName=PB12 Pin=J1-1
Added Pin To Net: NetName=PB12 Pin=R8-2
Added Net: Name=PB12
Added Pin To Net: NetName=PB13 Pin=J1-2
Added Pin To Net: NetName=PB13 Pin=R9-2
Added Net: Name=PB13
Added Pin To Net: NetName=PB14 Pin=J1-3
Added Pin To Net: NetName=PB14 Pin=R10-2
Added Net: Name=PB14
Added Pin To Net: NetName=PB15 Pin=J1-4
Added Pin To Net: NetName=PB15 Pin=R11-2
Added Net: Name=PB15
Added Pin To Net: NetName=PC13 Pin=J2-2
Added Pin To Net: NetName=PC13 Pin=R46-2
Added Net: Name=PC13
Added Pin To Net: NetName=PC14 Pin=J2-3
Added Pin To Net: NetName=PC14 Pin=R46-2
Added Net: Name=PC14
Added Pin To Net: NetName=PC15 Pin=J2-4
Added Net: Name=PC15
Added Pin To Net: NetName=SQH1 Pin=IC2-9
Added Pin To Net: NetName=SQH1 Pin=IC3-12
Added Net: Name=SQH1
Added Pin To Net: NetName=SQH Pin=IC1-9
Added Pin To Net: NetName=SQH Pin=IC2-12
Added Net: Name=SQH
Added Pin To Net: NetName=VBAT Pin=J2-1
Added Net: Name=VBAT
Added Pin To Net: NetName=VCC Pin=IC1-16
Added Pin To Net: NetName=VCC Pin=IC2-16
Added Pin To Net: NetName=VCC Pin=IC3-16
Added Net: Name=VCC
Added Class: Name=NCKH_sch
Added Room: Name=NCKH_sch
