Removed Pin From Net: NetName=G2 Pin=DS1-1
Removed Pin From Net: NetName=DE2 Pin=DS1-2
Removed Pin From Net: NetName=A2 Pin=DS1-3
Removed Pin From Net: NetName=F2 Pin=DS1-4
Removed Pin From Net: NetName=D_9 Pin=DS1-5
Removed Pin From Net: NetName=D2 Pin=DS1-6
Removed Pin From Net: NetName=E2 Pin=DS1-7
Removed Pin From Net: NetName=C2 Pin=DS1-8
Removed Pin From Net: NetName=B2 Pin=DS1-9
Removed Pin From Net: NetName=D_10 Pin=DS1-10
Removed Pin From Net: NetName=E1 Pin=DS2-1
Removed Pin From Net: NetName=D1 Pin=DS2-2
Removed Pin From Net: NetName=DE1 Pin=DS2-3
Removed Pin From Net: NetName=C1 Pin=DS2-4
Removed Pin From Net: NetName=G1 Pin=DS2-5
Removed Pin From Net: NetName=D_8 Pin=DS2-6
Removed Pin From Net: NetName=B1 Pin=DS2-7
Removed Pin From Net: NetName=D_7 Pin=DS2-8
Removed Pin From Net: NetName=D_6 Pin=DS2-9
Removed Pin From Net: NetName=F1 Pin=DS2-10
Removed Pin From Net: NetName=A1 Pin=DS2-11
Removed Pin From Net: NetName=D_5 Pin=DS2-12
Removed Pin From Net: NetName=E Pin=DS3-1
Removed Pin From Net: NetName=D Pin=DS3-2
Removed Pin From Net: NetName=DE Pin=DS3-3
Removed Pin From Net: NetName=C Pin=DS3-4
Removed Pin From Net: NetName=G Pin=DS3-5
Removed Pin From Net: NetName=D_4 Pin=DS3-6
Removed Pin From Net: NetName=B Pin=DS3-7
Removed Pin From Net: NetName=D_3 Pin=DS3-8
Removed Pin From Net: NetName=D_2 Pin=DS3-9
Removed Pin From Net: NetName=F Pin=DS3-10
Removed Pin From Net: NetName=A Pin=DS3-11
Removed Pin From Net: NetName=D_1 Pin=DS3-12
Removed Pin From Net: NetName=GND_198V Pin=JP4-1
Removed Pin From Net: NetName=PA7 Pin=LS1-1
Removed Pin From Net: NetName=PB1 Pin=R7-2
Removed Pin From Net: NetName=NetLED3_1 Pin=R8-1
Removed Pin From Net: NetName=PB0 Pin=R8-2
Removed Pin From Net: NetName=NetR9_1 Pin=R9-1
Removed Pin From Net: NetName=PC13 Pin=R9-2
Removed Pin From Net: NetName=NetQ13_1 Pin=R10-1
Removed Pin From Net: NetName=NetR10_2 Pin=R10-2
Removed Pin From Net: NetName=NetR11_1 Pin=R11-1
Removed Pin From Net: NetName=NetQ13_3 Pin=R11-2
Removed Pin From Net: NetName=NetQ3_3 Pin=Re1-1
Removed Pin From Net: NetName=PB12 Pin=Re1-2
Removed Pin From Net: NetName=NetQ4_3 Pin=Re2-1
Removed Pin From Net: NetName=PB13 Pin=Re2-2
Removed Pin From Net: NetName=NetQ5_3 Pin=Re3-1
Removed Pin From Net: NetName=PB14 Pin=Re3-2
Removed Pin From Net: NetName=NetQ6_3 Pin=Re4-1
Removed Pin From Net: NetName=PB15 Pin=Re4-2
Removed Pin From Net: NetName=NetQ7_3 Pin=Re5-1
Removed Pin From Net: NetName=PA8 Pin=Re5-2
Removed Pin From Net: NetName=NetQ8_3 Pin=Re6-1
Removed Pin From Net: NetName=PA9 Pin=Re6-2
Removed Pin From Net: NetName=NetQ9_3 Pin=Re7-1
Removed Pin From Net: NetName=PA10 Pin=Re7-2
Removed Pin From Net: NetName=NetQ10_3 Pin=Re8-1
Removed Pin From Net: NetName=PA11 Pin=Re8-2
Removed Pin From Net: NetName=NetQ11_3 Pin=Re9-1
Removed Pin From Net: NetName=PA12 Pin=Re9-2
Removed Pin From Net: NetName=NetQ12_3 Pin=Re10-1
Removed Pin From Net: NetName=PA15 Pin=Re10-2
Removed Member From Class: ClassName=NCKH_sch Member=DS1
Removed Member From Class: ClassName=NCKH_sch Member=DS2
Removed Member From Class: ClassName=NCKH_sch Member=DS3
Removed Member From Class: ClassName=NCKH_sch Member=Re1
Removed Member From Class: ClassName=NCKH_sch Member=Re2
Removed Member From Class: ClassName=NCKH_sch Member=Re3
Removed Member From Class: ClassName=NCKH_sch Member=Re4
Removed Member From Class: ClassName=NCKH_sch Member=Re5
Removed Member From Class: ClassName=NCKH_sch Member=Re6
Removed Member From Class: ClassName=NCKH_sch Member=Re7
Removed Member From Class: ClassName=NCKH_sch Member=Re8
Removed Member From Class: ClassName=NCKH_sch Member=Re9
Removed Member From Class: ClassName=NCKH_sch Member=Re10
Added Component: Designator=R8(SM-RES-1206)
Added Component: Designator=R9(SM-RES-1206)
Added Component: Designator=R10(SM-RES-1206)
Added Component: Designator=R11(SM-RES-1206)
Added Component: Designator=R12(SM-RES-1206)
Added Component: Designator=R13(SM-RES-1206)
Added Component: Designator=R14(SM-RES-1206)
Added Component: Designator=R15(SM-RES-1206)
Added Component: Designator=R16(SM-RES-1206)
Added Component: Designator=R17(SM-RES-1206)
Added Pin To Net: NetName=PB1 Pin=LS1-1
Added Pin To Net: NetName=PB11 Pin=R7-2
Added Pin To Net: NetName=NetLED3_1 Pin=R8-1
Added Pin To Net: NetName=NetQ3_3 Pin=R8-1
Added Pin To Net: NetName=PB10 Pin=R8-2
Added Pin To Net: NetName=PB12 Pin=R8-2
Added Pin To Net: NetName=NetQ4_3 Pin=R9-1
Added Pin To Net: NetName=NetR9_1 Pin=R9-1
Added Pin To Net: NetName=PB13 Pin=R9-2
Added Pin To Net: NetName=PC13 Pin=R9-2
Added Pin To Net: NetName=NetQ5_3 Pin=R10-1
Added Pin To Net: NetName=NetQ13_1 Pin=R10-1
Added Pin To Net: NetName=NetR10_2 Pin=R10-2
Added Pin To Net: NetName=PB14 Pin=R10-2
Added Pin To Net: NetName=NetQ6_3 Pin=R11-1
Added Pin To Net: NetName=NetR11_1 Pin=R11-1
Added Pin To Net: NetName=NetQ13_3 Pin=R11-2
Added Pin To Net: NetName=PB15 Pin=R11-2
Added Pin To Net: NetName=NetQ7_3 Pin=R12-1
Added Pin To Net: NetName=PA8 Pin=R12-2
Added Pin To Net: NetName=NetQ8_3 Pin=R13-1
Added Pin To Net: NetName=PA9 Pin=R13-2
Added Pin To Net: NetName=NetQ9_3 Pin=R14-1
Added Pin To Net: NetName=PA10 Pin=R14-2
Added Pin To Net: NetName=NetQ10_3 Pin=R15-1
Added Pin To Net: NetName=PA11 Pin=R15-2
Added Pin To Net: NetName=NetQ11_3 Pin=R16-1
Added Pin To Net: NetName=PA12 Pin=R16-2
Added Pin To Net: NetName=NetQ12_3 Pin=R17-1
Added Pin To Net: NetName=PA15 Pin=R17-2
Added Pin To Net: NetName=GND_198 Pin=JP4-1
Added Net: Name=GND_198
Added Member To Class: ClassName=NCKH_sch Member=Component * JP5
Added Member To Class: ClassName=NCKH_sch Member=Component * JP5
Added Member To Class: ClassName=NCKH_sch Member=Component C19 Cap Pol3
Added Member To Class: ClassName=NCKH_sch Member=Component C19 Cap Pol3
Added Member To Class: ClassName=NCKH_sch Member=Component JP3 Header 2_1
Added Member To Class: ClassName=NCKH_sch Member=Component JP4 JP6 PIN
Added Member To Class: ClassName=NCKH_sch Member=Component R1 47k
Added Member To Class: ClassName=NCKH_sch Member=Component R2 47R
Added Member To Class: ClassName=NCKH_sch Member=Component R3 470R
Added Member To Class: ClassName=NCKH_sch Member=Component R4 1k
Added Member To Class: ClassName=NCKH_sch Member=Component R5 1k
Added Member To Class: ClassName=NCKH_sch Member=Component R6 1k
Added Member To Class: ClassName=NCKH_sch Member=Component R7 1k
Added Member To Class: ClassName=NCKH_sch Member=Component R8 1k
Added Member To Class: ClassName=NCKH_sch Member=Component R9 1k
Added Member To Class: ClassName=NCKH_sch Member=Component R10 1k
Added Member To Class: ClassName=NCKH_sch Member=Component R11 1k
Added Member To Class: ClassName=NCKH_sch Member=Component R12 1k
Added Member To Class: ClassName=NCKH_sch Member=Component R13 1k
Added Member To Class: ClassName=NCKH_sch Member=Component R14 1k
Added Member To Class: ClassName=NCKH_sch Member=Component R15 1k
Added Member To Class: ClassName=NCKH_sch Member=Component R16 1k
Added Member To Class: ClassName=NCKH_sch Member=Component R17 1k
