Change Component Footprint: Designator=R4 Old Footprint=R1/4W New Footprint=R0201
Change Component Footprint: Designator=R2 Old Footprint=R1/4W New Footprint=SM-RES-1206
Change Component Footprint: Designator=R3 Old Footprint=R1/4W New Footprint=SM-RES-1206
Change Component Footprint: Designator=R7 Old Footprint=R1/4W New Footprint=SM-RES-1206
Change Component Designator: OldDesignator=D? NewDesignator=D3
Change Component Designator: OldDesignator=J? NewDesignator=J3
Change Component Designator: OldDesignator=T? NewDesignator=T1
Change Component Designator: OldDesignator=T? NewDesignator=T2
Change Component Designator: OldDesignator=T? NewDesignator=T3
Change Component Designator: OldDesignator=T? NewDesignator=T4
Change Net Name : Old Net Name=NetD?_1 New Net Name=NetD3_1
Added Member To Class: ClassName=NCKH_sch Member=Component * JP5
Added Member To Class: ClassName=NCKH_sch Member=Component * Zener
Added Member To Class: ClassName=NCKH_sch Member=Component C19 Cap Pol3
Added Member To Class: ClassName=NCKH_sch Member=Component C19 Cap Pol3
Added Member To Class: ClassName=NCKH_sch Member=Component C19 Cap Pol3
Added Member To Class: ClassName=NCKH_sch Member=Component JP3 Header 2_1
Added Member To Class: ClassName=NCKH_sch Member=Component R1 47k
Added Member To Class: ClassName=NCKH_sch Member=Component R2 Res1
Added Member To Class: ClassName=NCKH_sch Member=Component R46 Res1
Added Member To Class: ClassName=NCKH_sch Member=Component R46 Res1
Added Member To Class: ClassName=NCKH_sch Member=Component R46 Res1
Added Member To Class: ClassName=NCKH_sch Member=Component R46 Res1
Added Member To Class: ClassName=NCKH_sch Member=Component T2 IRF840
Added Member To Class: ClassName=NCKH_sch Member=Component T3 IRF840
Added Member To Class: ClassName=NCKH_sch Member=Component T4 IRF840
